2022-10-31 09:18:28,972 ERROR [main] h.j.v.g.Glavna [Glavna.java:387] Nije upisana brojcana vrijednost. 
java.util.InputMismatchException: null
	at java.base/java.util.Scanner.throwFor(Scanner.java:943)
	at java.base/java.util.Scanner.next(Scanner.java:1598)
	at java.base/java.util.Scanner.nextInt(Scanner.java:2263)
	at java.base/java.util.Scanner.nextInt(Scanner.java:2217)
	at hr.java.vjezbe.glavna.Glavna.provjeraUnosaInteger(Glavna.java:380)
	at hr.java.vjezbe.glavna.Glavna.main(Glavna.java:56)
2022-10-31 09:19:45,606 ERROR [main] h.j.v.g.Glavna [Glavna.java:387] Nije upisana brojcana vrijednost. 
java.util.InputMismatchException: null
	at java.base/java.util.Scanner.throwFor(Scanner.java:943)
	at java.base/java.util.Scanner.next(Scanner.java:1598)
	at java.base/java.util.Scanner.nextInt(Scanner.java:2263)
	at java.base/java.util.Scanner.nextInt(Scanner.java:2217)
	at hr.java.vjezbe.glavna.Glavna.provjeraUnosaInteger(Glavna.java:380)
	at hr.java.vjezbe.glavna.Glavna.main(Glavna.java:56)
2022-10-31 09:20:23,478 ERROR [main] h.j.v.g.Glavna [Glavna.java:387] Nije upisana brojcana vrijednost. 
java.util.InputMismatchException: null
	at java.base/java.util.Scanner.throwFor(Scanner.java:943)
	at java.base/java.util.Scanner.next(Scanner.java:1598)
	at java.base/java.util.Scanner.nextInt(Scanner.java:2263)
	at java.base/java.util.Scanner.nextInt(Scanner.java:2217)
	at hr.java.vjezbe.glavna.Glavna.provjeraUnosaInteger(Glavna.java:380)
	at hr.java.vjezbe.glavna.Glavna.main(Glavna.java:56)
2022-10-31 09:20:24,361 ERROR [main] h.j.v.g.Glavna [Glavna.java:387] Nije upisana brojcana vrijednost. 
java.util.InputMismatchException: null
	at java.base/java.util.Scanner.throwFor(Scanner.java:943)
	at java.base/java.util.Scanner.next(Scanner.java:1598)
	at java.base/java.util.Scanner.nextInt(Scanner.java:2263)
	at java.base/java.util.Scanner.nextInt(Scanner.java:2217)
	at hr.java.vjezbe.glavna.Glavna.provjeraUnosaInteger(Glavna.java:380)
	at hr.java.vjezbe.glavna.Glavna.main(Glavna.java:56)
2022-10-31 09:20:26,556 ERROR [main] h.j.v.g.Glavna [Glavna.java:387] Nije upisana brojcana vrijednost. 
java.util.InputMismatchException: null
	at java.base/java.util.Scanner.throwFor(Scanner.java:943)
	at java.base/java.util.Scanner.next(Scanner.java:1598)
	at java.base/java.util.Scanner.nextInt(Scanner.java:2263)
	at java.base/java.util.Scanner.nextInt(Scanner.java:2217)
	at hr.java.vjezbe.glavna.Glavna.provjeraUnosaInteger(Glavna.java:380)
	at hr.java.vjezbe.glavna.Glavna.main(Glavna.java:56)
2022-10-31 09:21:57,765 ERROR [main] h.j.v.g.Glavna [Glavna.java:387] Nije upisana brojcana vrijednost. 
2022-10-31 09:21:59,693 ERROR [main] h.j.v.g.Glavna [Glavna.java:387] Nije upisana brojcana vrijednost. 
2022-11-01 12:37:30,169 INFO [main] h.j.v.g.Glavna [Glavna.java:28] Početak programa. 
2022-11-01 12:37:33,312 ERROR [main] h.j.v.g.Glavna [Glavna.java:407] Nije upisana brojcana vrijednost. 
java.util.InputMismatchException: null
	at java.base/java.util.Scanner.throwFor(Scanner.java:943)
	at java.base/java.util.Scanner.next(Scanner.java:1598)
	at java.base/java.util.Scanner.nextInt(Scanner.java:2263)
	at java.base/java.util.Scanner.nextInt(Scanner.java:2217)
	at hr.java.vjezbe.glavna.Glavna.unosIntegera(Glavna.java:400)
	at hr.java.vjezbe.glavna.Glavna.main(Glavna.java:31)
2022-11-01 12:37:37,682 INFO [main] h.j.v.g.Glavna [Glavna.java:33] Unos ustanova. 
2022-11-01 12:37:37,688 INFO [main] h.j.v.g.Glavna [Glavna.java:37] Unos profesora. 
2022-11-01 12:38:28,362 INFO [main] h.j.v.g.Glavna [Glavna.java:40] Unos predmeta. 
2022-11-01 12:39:57,796 INFO [main] h.j.v.g.Glavna [Glavna.java:43] Unos studenata. 
2022-11-01 12:41:00,233 INFO [main] h.j.v.g.Glavna [Glavna.java:46] Unos ispita. 
2022-11-01 12:42:35,747 INFO [main] h.j.v.g.Glavna [Glavna.java:51] Spremanje informacija u ustanove. 
2022-11-01 12:42:48,805 INFO [main] h.j.v.g.Glavna [Glavna.java:340] Student Marko Curic je iz ispita programiranje u jeziku java dobio nedovoljan(1)!!!
hr.java.vjezbe.iznimke.NemoguceOdreditiProsjekStudentaException: Student Marko Curic je iz ispita programiranje u jeziku java dobio nedovoljan(1)!!!
	at hr.java.vjezbe.entitet.Visokoskolska.odrediProsjekOcjenaNaIspitima(Visokoskolska.java:31)
	at hr.java.vjezbe.glavna.Glavna.unosObrazovnaUstanova(Glavna.java:325)
	at hr.java.vjezbe.glavna.Glavna.main(Glavna.java:52)
2022-11-01 12:43:10,675 INFO [main] h.j.v.g.Glavna [VeleucilisteJave.java:49] Metoda OdradiNajuspjesnijegStudenta u klasi Veleucilistejave naisao na studenta s ocjenom 1.
hr.java.vjezbe.iznimke.NemoguceOdreditiProsjekStudentaException: Student Marko Curic je iz ispita programiranje u jeziku java dobio nedovoljan(1)!!!
	at hr.java.vjezbe.entitet.Visokoskolska.odrediProsjekOcjenaNaIspitima(Visokoskolska.java:31)
	at hr.java.vjezbe.entitet.VeleucilisteJave.odrediNajuspjesnijegStudentaNaGodini(VeleucilisteJave.java:43)
	at hr.java.vjezbe.glavna.Glavna.unosObrazovnaUstanova(Glavna.java:369)
	at hr.java.vjezbe.glavna.Glavna.main(Glavna.java:52)
2022-11-01 12:43:10,676 INFO [main] h.j.v.g.Glavna [Glavna.java:37] Unos profesora. 
2022-11-01 12:46:02,060 INFO [main] h.j.v.g.Glavna [Glavna.java:40] Unos predmeta. 
2022-11-01 12:47:03,307 INFO [main] h.j.v.g.Glavna [Glavna.java:43] Unos studenata. 
2022-11-01 12:47:58,410 INFO [main] h.j.v.g.Glavna [Glavna.java:46] Unos ispita. 
2022-11-01 12:49:14,046 INFO [main] h.j.v.g.Glavna [Glavna.java:51] Spremanje informacija u ustanove. 
2022-11-01 12:49:56,136 INFO [main] h.j.v.g.Glavna [Glavna.java:380] pronadjeno vise najmladjih studenata
hr.java.vjezbe.iznimke.PostojiViseNajmladjihStudenataException: Pronađeno je više najmlađih studenata s istim datumom rođenja,a to su : Emil Frankovic Danka Zupanovic 
	at hr.java.vjezbe.entitet.FakultetRacunarstva.odrediStudentaZaRektorovuNagradu(FakultetRacunarstva.java:109)
	at hr.java.vjezbe.glavna.Glavna.unosObrazovnaUstanova(Glavna.java:375)
	at hr.java.vjezbe.glavna.Glavna.main(Glavna.java:52)
2022-11-06 15:10:44,223 INFO [main] h.j.v.g.Glavna [Glavna.java:30] Početak programa. 
2022-11-06 17:38:52,901 INFO [main] h.j.v.g.Glavna [Glavna.java:28] Početak programa. 
2022-11-06 17:39:01,181 INFO [main] h.j.v.g.Glavna [Glavna.java:33] Unos ustanova. 
2022-11-06 17:39:01,186 INFO [main] h.j.v.g.Glavna [Glavna.java:37] Unos profesora. 
2022-11-06 17:39:40,445 INFO [main] h.j.v.g.Glavna [Glavna.java:40] Unos predmeta. 
2022-11-06 17:41:34,662 INFO [main] h.j.v.g.Glavna [Glavna.java:47] Unos studenata. 
2022-11-06 17:42:42,244 INFO [main] h.j.v.g.Glavna [Glavna.java:28] Početak programa. 
2022-11-06 17:42:56,564 INFO [main] h.j.v.g.Glavna [Glavna.java:33] Unos ustanova. 
2022-11-06 17:42:56,571 INFO [main] h.j.v.g.Glavna [Glavna.java:37] Unos profesora. 
2022-11-06 17:44:37,970 INFO [main] h.j.v.g.Glavna [Glavna.java:40] Unos predmeta. 
2022-11-06 17:45:38,247 INFO [main] h.j.v.g.Glavna [Glavna.java:47] Unos studenata. 
2022-11-06 17:48:37,539 INFO [main] h.j.v.g.Glavna [Glavna.java:50] Unos ispita. 
2022-11-06 17:49:56,107 INFO [main] h.j.v.g.Glavna [Glavna.java:55] Spremanje informacija u ustanove. 
2022-11-06 17:53:14,776 INFO [main] h.j.v.g.Glavna [Glavna.java:28] Početak programa. 
2022-11-06 17:55:06,483 INFO [main] h.j.v.g.Glavna [Glavna.java:28] Početak programa. 
2022-11-06 17:55:11,356 INFO [main] h.j.v.g.Glavna [Glavna.java:33] Unos ustanova. 
2022-11-06 17:55:11,363 INFO [main] h.j.v.g.Glavna [Glavna.java:37] Unos profesora. 
2022-11-06 17:58:32,575 INFO [main] h.j.v.g.Glavna [Glavna.java:28] Početak programa. 
2022-11-06 17:58:33,585 INFO [main] h.j.v.g.Glavna [Glavna.java:33] Unos ustanova. 
2022-11-06 17:58:33,592 INFO [main] h.j.v.g.Glavna [Glavna.java:37] Unos profesora. 
2022-11-06 17:58:33,599 INFO [main] h.j.v.g.Glavna [Glavna.java:40] Unos predmeta. 
2022-11-06 17:58:33,618 INFO [main] h.j.v.g.Glavna [Glavna.java:47] Unos studenata. 
2022-11-06 17:58:34,846 INFO [main] h.j.v.g.Glavna [Glavna.java:50] Unos ispita. 
2022-11-06 17:59:56,266 INFO [main] h.j.v.g.Glavna [Glavna.java:55] Spremanje informacija u ustanove. 
2022-11-06 18:09:49,632 INFO [main] h.j.v.g.Glavna [Glavna.java:28] Početak programa. 
2022-11-06 18:10:06,402 INFO [main] h.j.v.g.Glavna [Glavna.java:33] Unos ustanova. 
2022-11-06 18:10:06,426 INFO [main] h.j.v.g.Glavna [Glavna.java:37] Unos profesora. 
2022-11-06 18:10:06,443 INFO [main] h.j.v.g.Glavna [Glavna.java:40] Unos predmeta. 
2022-11-06 18:10:06,480 INFO [main] h.j.v.g.Glavna [Glavna.java:47] Unos studenata. 
2022-11-06 18:10:06,489 INFO [main] h.j.v.g.Glavna [Glavna.java:50] Unos ispita. 
2022-11-06 18:10:07,477 INFO [main] h.j.v.g.Glavna [Glavna.java:55] Spremanje informacija u ustanove. 
2022-11-06 18:11:06,080 INFO [main] h.j.v.g.Glavna [Glavna.java:28] Početak programa. 
2022-11-06 18:11:07,488 INFO [main] h.j.v.g.Glavna [Glavna.java:33] Unos ustanova. 
2022-11-06 18:11:07,505 INFO [main] h.j.v.g.Glavna [Glavna.java:37] Unos profesora. 
2022-11-06 18:11:07,522 INFO [main] h.j.v.g.Glavna [Glavna.java:40] Unos predmeta. 
2022-11-06 18:11:07,557 INFO [main] h.j.v.g.Glavna [Glavna.java:47] Unos studenata. 
2022-11-06 18:11:07,570 INFO [main] h.j.v.g.Glavna [Glavna.java:50] Unos ispita. 
2022-11-06 18:11:08,424 INFO [main] h.j.v.g.Glavna [Glavna.java:55] Spremanje informacija u ustanove. 
2022-11-06 18:12:46,034 INFO [main] h.j.v.g.Glavna [Glavna.java:28] Početak programa. 
2022-11-06 18:12:48,453 INFO [main] h.j.v.g.Glavna [Glavna.java:33] Unos ustanova. 
2022-11-06 18:12:48,499 INFO [main] h.j.v.g.Glavna [Glavna.java:37] Unos profesora. 
2022-11-06 18:12:48,516 INFO [main] h.j.v.g.Glavna [Glavna.java:40] Unos predmeta. 
2022-11-06 18:12:48,588 INFO [main] h.j.v.g.Glavna [Glavna.java:47] Unos studenata. 
2022-11-06 18:12:48,593 INFO [main] h.j.v.g.Glavna [Glavna.java:50] Unos ispita. 
2022-11-06 18:12:49,275 INFO [main] h.j.v.g.Glavna [Glavna.java:55] Spremanje informacija u ustanove. 
2022-11-06 18:14:57,554 INFO [main] h.j.v.g.Glavna [Glavna.java:28] Početak programa. 
2022-11-06 18:14:58,551 INFO [main] h.j.v.g.Glavna [Glavna.java:33] Unos ustanova. 
2022-11-06 18:14:58,558 INFO [main] h.j.v.g.Glavna [Glavna.java:37] Unos profesora. 
2022-11-06 18:14:58,564 INFO [main] h.j.v.g.Glavna [Glavna.java:40] Unos predmeta. 
2022-11-06 18:14:58,583 INFO [main] h.j.v.g.Glavna [Glavna.java:47] Unos studenata. 
2022-11-06 18:14:58,591 INFO [main] h.j.v.g.Glavna [Glavna.java:50] Unos ispita. 
2022-11-06 18:14:59,476 INFO [main] h.j.v.g.Glavna [Glavna.java:55] Spremanje informacija u ustanove. 
2022-11-06 18:16:14,558 INFO [main] h.j.v.g.Glavna [Glavna.java:28] Početak programa. 
2022-11-06 18:16:15,489 INFO [main] h.j.v.g.Glavna [Glavna.java:33] Unos ustanova. 
2022-11-06 18:16:15,496 INFO [main] h.j.v.g.Glavna [Glavna.java:37] Unos profesora. 
2022-11-06 18:16:15,502 INFO [main] h.j.v.g.Glavna [Glavna.java:40] Unos predmeta. 
2022-11-06 18:16:15,521 INFO [main] h.j.v.g.Glavna [Glavna.java:47] Unos studenata. 
2022-11-06 18:16:15,527 INFO [main] h.j.v.g.Glavna [Glavna.java:50] Unos ispita. 
2022-11-06 18:16:16,999 INFO [main] h.j.v.g.Glavna [Glavna.java:55] Spremanje informacija u ustanove. 
2022-11-06 18:16:23,704 INFO [main] h.j.v.g.Glavna [VeleucilisteJave.java:52] Ne postoje ispiti za studenta Ivica Horvat u 2022.
java.lang.ArithmeticException: / by zero
	at hr.java.vjezbe.entitet.Visokoskolska.odrediProsjekOcjenaNaIspitima(Visokoskolska.java:35)
	at hr.java.vjezbe.entitet.VeleucilisteJave.odrediNajuspjesnijegStudentaNaGodini(VeleucilisteJave.java:42)
	at hr.java.vjezbe.glavna.Glavna.unosObrazovnaUstanova(Glavna.java:359)
	at hr.java.vjezbe.glavna.Glavna.main(Glavna.java:56)
2022-11-06 18:16:29,628 INFO [main] h.j.v.g.Glavna [VeleucilisteJave.java:52] Ne postoje ispiti za studenta Martina Horvat u 2022.
java.lang.ArithmeticException: / by zero
	at hr.java.vjezbe.entitet.Visokoskolska.odrediProsjekOcjenaNaIspitima(Visokoskolska.java:35)
	at hr.java.vjezbe.entitet.VeleucilisteJave.odrediNajuspjesnijegStudentaNaGodini(VeleucilisteJave.java:42)
	at hr.java.vjezbe.glavna.Glavna.unosObrazovnaUstanova(Glavna.java:359)
	at hr.java.vjezbe.glavna.Glavna.main(Glavna.java:56)
2022-11-06 18:21:46,506 INFO [main] h.j.v.g.Glavna [Glavna.java:28] Početak programa. 
2022-11-06 18:21:46,860 INFO [main] h.j.v.g.Glavna [Glavna.java:33] Unos ustanova. 
2022-11-06 18:21:46,869 INFO [main] h.j.v.g.Glavna [Glavna.java:37] Unos profesora. 
2022-11-06 18:21:46,878 INFO [main] h.j.v.g.Glavna [Glavna.java:40] Unos predmeta. 
2022-11-06 18:21:46,901 INFO [main] h.j.v.g.Glavna [Glavna.java:47] Unos studenata. 
2022-11-06 18:21:46,914 INFO [main] h.j.v.g.Glavna [Glavna.java:50] Unos ispita. 
2022-11-06 18:21:47,952 INFO [main] h.j.v.g.Glavna [Glavna.java:55] Spremanje informacija u ustanove. 
2022-11-06 18:21:54,656 INFO [main] h.j.v.g.Glavna [VeleucilisteJave.java:52] Ne postoje ispiti za studenta Ivica Horvat u 2022.
java.lang.ArithmeticException: / by zero
	at hr.java.vjezbe.entitet.Visokoskolska.odrediProsjekOcjenaNaIspitima(Visokoskolska.java:35)
	at hr.java.vjezbe.entitet.VeleucilisteJave.odrediNajuspjesnijegStudentaNaGodini(VeleucilisteJave.java:43)
	at hr.java.vjezbe.glavna.Glavna.unosObrazovnaUstanova(Glavna.java:359)
	at hr.java.vjezbe.glavna.Glavna.main(Glavna.java:56)
2022-11-06 18:21:54,661 INFO [main] h.j.v.g.Glavna [VeleucilisteJave.java:52] Ne postoje ispiti za studenta Martina Horvat u 2022.
java.lang.ArithmeticException: / by zero
	at hr.java.vjezbe.entitet.Visokoskolska.odrediProsjekOcjenaNaIspitima(Visokoskolska.java:35)
	at hr.java.vjezbe.entitet.VeleucilisteJave.odrediNajuspjesnijegStudentaNaGodini(VeleucilisteJave.java:43)
	at hr.java.vjezbe.glavna.Glavna.unosObrazovnaUstanova(Glavna.java:359)
	at hr.java.vjezbe.glavna.Glavna.main(Glavna.java:56)
2022-11-06 18:41:44,908 INFO [main] h.j.v.g.Glavna [Glavna.java:28] Početak programa. 
2022-11-06 18:41:48,288 INFO [main] h.j.v.g.Glavna [Glavna.java:33] Unos ustanova. 
2022-11-06 18:41:48,319 INFO [main] h.j.v.g.Glavna [Glavna.java:37] Unos profesora. 
2022-11-06 18:41:48,327 INFO [main] h.j.v.g.Glavna [Glavna.java:40] Unos predmeta. 
2022-11-06 18:41:48,359 INFO [main] h.j.v.g.Glavna [Glavna.java:47] Unos studenata. 
2022-11-06 18:41:48,367 INFO [main] h.j.v.g.Glavna [Glavna.java:50] Unos ispita. 
2022-11-06 18:41:49,184 INFO [main] h.j.v.g.Glavna [Glavna.java:55] Spremanje informacija u ustanove. 
2022-11-06 18:41:58,663 INFO [main] h.j.v.g.Glavna [VeleucilisteJave.java:52] Ne postoje ispiti za studenta Ivica Horvat u 2022.
java.lang.ArithmeticException: / by zero
	at hr.java.vjezbe.entitet.Visokoskolska.odrediProsjekOcjenaNaIspitima(Visokoskolska.java:35)
	at hr.java.vjezbe.entitet.VeleucilisteJave.odrediNajuspjesnijegStudentaNaGodini(VeleucilisteJave.java:43)
	at hr.java.vjezbe.glavna.Glavna.unosObrazovnaUstanova(Glavna.java:361)
	at hr.java.vjezbe.glavna.Glavna.main(Glavna.java:56)
2022-11-06 18:41:58,668 INFO [main] h.j.v.g.Glavna [VeleucilisteJave.java:52] Ne postoje ispiti za studenta Martina Horvat u 2022.
java.lang.ArithmeticException: / by zero
	at hr.java.vjezbe.entitet.Visokoskolska.odrediProsjekOcjenaNaIspitima(Visokoskolska.java:35)
	at hr.java.vjezbe.entitet.VeleucilisteJave.odrediNajuspjesnijegStudentaNaGodini(VeleucilisteJave.java:43)
	at hr.java.vjezbe.glavna.Glavna.unosObrazovnaUstanova(Glavna.java:361)
	at hr.java.vjezbe.glavna.Glavna.main(Glavna.java:56)
2022-11-06 18:42:06,524 INFO [main] h.j.v.g.Glavna [Glavna.java:28] Početak programa. 
2022-11-06 18:42:08,395 INFO [main] h.j.v.g.Glavna [Glavna.java:33] Unos ustanova. 
2022-11-06 18:42:08,443 INFO [main] h.j.v.g.Glavna [Glavna.java:37] Unos profesora. 
2022-11-06 18:42:08,459 INFO [main] h.j.v.g.Glavna [Glavna.java:40] Unos predmeta. 
2022-11-06 18:42:08,510 INFO [main] h.j.v.g.Glavna [Glavna.java:47] Unos studenata. 
2022-11-06 18:42:08,518 INFO [main] h.j.v.g.Glavna [Glavna.java:50] Unos ispita. 
2022-11-06 18:42:09,372 INFO [main] h.j.v.g.Glavna [Glavna.java:55] Spremanje informacija u ustanove. 
2022-11-06 18:42:50,536 INFO [main] h.j.v.g.Glavna [Glavna.java:28] Početak programa. 
2022-11-06 18:42:51,006 INFO [main] h.j.v.g.Glavna [Glavna.java:33] Unos ustanova. 
2022-11-06 18:42:51,020 INFO [main] h.j.v.g.Glavna [Glavna.java:37] Unos profesora. 
2022-11-06 18:42:51,028 INFO [main] h.j.v.g.Glavna [Glavna.java:40] Unos predmeta. 
2022-11-06 18:42:51,060 INFO [main] h.j.v.g.Glavna [Glavna.java:47] Unos studenata. 
2022-11-06 18:42:51,072 INFO [main] h.j.v.g.Glavna [Glavna.java:50] Unos ispita. 
2022-11-06 18:42:51,089 INFO [main] h.j.v.g.Glavna [Glavna.java:55] Spremanje informacija u ustanove. 
2022-11-06 18:44:42,163 INFO [main] h.j.v.g.Glavna [Glavna.java:28] Početak programa. 
2022-11-06 18:44:50,806 INFO [main] h.j.v.g.Glavna [Glavna.java:33] Unos ustanova. 
2022-11-06 18:44:50,828 INFO [main] h.j.v.g.Glavna [Glavna.java:37] Unos profesora. 
2022-11-06 18:44:50,855 INFO [main] h.j.v.g.Glavna [Glavna.java:40] Unos predmeta. 
2022-11-06 18:44:50,887 INFO [main] h.j.v.g.Glavna [Glavna.java:47] Unos studenata. 
2022-11-06 18:44:50,903 INFO [main] h.j.v.g.Glavna [Glavna.java:50] Unos ispita. 
2022-11-06 18:44:50,923 INFO [main] h.j.v.g.Glavna [Glavna.java:56] Spremanje informacija u ustanove. 
2022-11-18 18:06:47,215 INFO [main] h.j.v.g.Glavna [Glavna.java:28] Početak programa. 
2022-11-18 18:07:01,126 INFO [main] h.j.v.g.Glavna [Glavna.java:33] Unos ustanova. 
2022-11-18 18:07:01,130 INFO [main] h.j.v.g.Glavna [Glavna.java:37] Unos profesora. 
2022-11-18 18:07:34,171 INFO [main] h.j.v.g.Glavna [Glavna.java:40] Unos predmeta. 
2022-11-18 18:08:31,459 INFO [main] h.j.v.g.Glavna [Glavna.java:47] Unos studenata. 
2022-11-18 18:09:49,394 INFO [main] h.j.v.g.Glavna [Glavna.java:50] Unos ispita. 
2022-11-18 18:10:42,363 INFO [main] h.j.v.g.Glavna [Glavna.java:56] Spremanje informacija u ustanove. 
2022-11-18 18:17:56,648 INFO [main] h.j.v.g.Glavna [Glavna.java:30] Početak programa. 
2022-11-18 18:19:32,305 INFO [main] h.j.v.g.Glavna [Glavna.java:30] Početak programa. 
2022-11-18 18:27:12,924 INFO [main] h.j.v.g.Glavna [Glavna.java:27] Početak programa. 
2022-11-18 18:27:34,604 INFO [main] h.j.v.g.Glavna [Glavna.java:32] Unos ustanova. 
2022-11-18 18:27:34,617 INFO [main] h.j.v.g.Glavna [Glavna.java:36] Unos profesora. 
2022-11-18 18:27:34,623 INFO [main] h.j.v.g.Glavna [Glavna.java:39] Unos predmeta. 
2022-11-18 18:27:34,654 INFO [main] h.j.v.g.Glavna [Glavna.java:46] Unos studenata. 
2022-11-18 18:27:34,667 INFO [main] h.j.v.g.Glavna [Glavna.java:49] Unos ispita. 
2022-11-18 18:27:34,704 INFO [main] h.j.v.g.Glavna [Glavna.java:55] Spremanje informacija u ustanove. 
2022-11-19 14:42:22,340 INFO [main] h.j.v.g.Glavna [Glavna.java:27] Početak programa. 
2022-11-19 14:46:14,147 INFO [main] h.j.v.g.Glavna [Glavna.java:32] Unos ustanova. 
2022-11-19 14:46:14,194 INFO [main] h.j.v.g.Glavna [Glavna.java:36] Unos profesora. 
2022-11-19 14:46:14,220 INFO [main] h.j.v.g.Glavna [Glavna.java:39] Unos predmeta. 
2022-11-19 14:46:14,288 INFO [main] h.j.v.g.Glavna [Glavna.java:46] Unos studenata. 
2022-11-19 14:46:14,297 INFO [main] h.j.v.g.Glavna [Glavna.java:49] Unos ispita. 
2022-11-19 14:46:14,317 INFO [main] h.j.v.g.Glavna [Glavna.java:55] Spremanje informacija u ustanove. 
2022-11-19 14:46:42,781 INFO [main] h.j.v.g.Glavna [Glavna.java:27] Početak programa. 
2022-11-19 14:46:43,896 INFO [main] h.j.v.g.Glavna [Glavna.java:32] Unos ustanova. 
2022-11-19 14:46:43,909 INFO [main] h.j.v.g.Glavna [Glavna.java:36] Unos profesora. 
2022-11-19 14:46:43,915 INFO [main] h.j.v.g.Glavna [Glavna.java:39] Unos predmeta. 
2022-11-19 14:46:43,933 INFO [main] h.j.v.g.Glavna [Glavna.java:46] Unos studenata. 
2022-11-19 14:46:43,940 INFO [main] h.j.v.g.Glavna [Glavna.java:49] Unos ispita. 
2022-11-19 14:46:43,968 INFO [main] h.j.v.g.Glavna [Glavna.java:55] Spremanje informacija u ustanove. 
2022-11-19 14:46:44,921 INFO [main] h.j.v.g.Glavna [Glavna.java:36] Unos profesora. 
2022-11-19 14:47:38,880 INFO [main] h.j.v.g.Glavna [Glavna.java:39] Unos predmeta. 
2022-11-19 14:49:32,043 INFO [main] h.j.v.g.Glavna [Glavna.java:46] Unos studenata. 
2022-11-19 14:50:23,561 INFO [main] h.j.v.g.Glavna [Glavna.java:49] Unos ispita. 
2022-11-19 14:51:16,941 INFO [main] h.j.v.g.Glavna [Glavna.java:55] Spremanje informacija u ustanove. 
2022-11-25 15:45:04,737 INFO [main] h.j.v.g.Glavna [Glavna.java:28] Početak programa. 
2022-11-25 15:45:11,681 INFO [main] h.j.v.g.Glavna [Glavna.java:46] Unos ustanova. 
2022-11-25 15:45:11,686 INFO [main] h.j.v.g.Glavna [Glavna.java:50] Unos profesora. 
2022-11-25 15:46:06,086 INFO [main] h.j.v.g.Glavna [Glavna.java:28] Početak programa. 
2022-11-25 15:46:09,149 INFO [main] h.j.v.g.Glavna [Glavna.java:46] Unos ustanova. 
2022-11-25 15:46:09,152 INFO [main] h.j.v.g.Glavna [Glavna.java:50] Unos profesora. 
2022-11-25 15:46:43,987 INFO [main] h.j.v.g.Glavna [Glavna.java:28] Početak programa. 
2022-11-25 15:46:46,592 INFO [main] h.j.v.g.Glavna [Glavna.java:46] Unos ustanova. 
2022-11-25 15:46:46,595 INFO [main] h.j.v.g.Glavna [Glavna.java:50] Unos profesora. 
2022-11-25 15:47:09,554 INFO [main] h.j.v.g.Glavna [Glavna.java:28] Početak programa. 
2022-11-25 15:47:10,877 INFO [main] h.j.v.g.Glavna [Glavna.java:46] Unos ustanova. 
2022-11-25 15:47:10,881 INFO [main] h.j.v.g.Glavna [Glavna.java:50] Unos profesora. 
2022-11-25 15:47:28,600 INFO [main] h.j.v.g.Glavna [Glavna.java:28] Početak programa. 
2022-11-25 15:47:31,404 INFO [main] h.j.v.g.Glavna [Glavna.java:46] Unos ustanova. 
2022-11-25 15:47:31,407 INFO [main] h.j.v.g.Glavna [Glavna.java:50] Unos profesora. 
2022-11-25 15:47:50,668 INFO [main] h.j.v.g.Glavna [Glavna.java:28] Početak programa. 
2022-11-25 15:47:53,225 INFO [main] h.j.v.g.Glavna [Glavna.java:46] Unos ustanova. 
2022-11-25 15:47:53,229 INFO [main] h.j.v.g.Glavna [Glavna.java:50] Unos profesora. 
