2022-11-08 20:57:04,967 INFO [main] h.j.v.g.Glavna [Glavna.java:36] Početak programa. 
2022-11-08 20:57:13,860 INFO [main] h.j.v.g.Glavna [Glavna.java:36] Početak programa. 
2022-11-08 20:57:21,632 INFO [main] h.j.v.g.Glavna [Glavna.java:36] Početak programa. 
2022-11-08 20:59:28,140 INFO [main] h.j.v.g.Glavna [Glavna.java:36] Početak programa. 
2022-11-08 20:59:31,991 ERROR [main] h.j.v.g.Glavna [Glavna.java:47] Nije pravilan unos
hr.java.vjezbe.iznimke.NazivNisuSlovaException: Niste unijeli samo slova.
	at hr.java.vjezbe.glavna.Glavna.nazivPredmeta(Glavna.java:105)
	at hr.java.vjezbe.glavna.Glavna.main(Glavna.java:40)
2022-11-08 20:59:35,928 ERROR [main] h.j.v.g.Glavna [Glavna.java:47] Nije pravilan unos
hr.java.vjezbe.iznimke.NazivNisuSlovaException: Niste unijeli samo slova.
	at hr.java.vjezbe.glavna.Glavna.nazivPredmeta(Glavna.java:105)
	at hr.java.vjezbe.glavna.Glavna.main(Glavna.java:40)
2022-11-08 20:59:40,888 ERROR [main] h.j.v.g.Glavna [Glavna.java:47] Nije pravilan unos
hr.java.vjezbe.iznimke.NazivNisuSlovaException: Niste unijeli samo slova.
	at hr.java.vjezbe.glavna.Glavna.nazivPredmeta(Glavna.java:105)
	at hr.java.vjezbe.glavna.Glavna.main(Glavna.java:40)
2022-11-08 20:59:44,940 ERROR [main] h.j.v.g.Glavna [Glavna.java:47] Nije pravilan unos
hr.java.vjezbe.iznimke.NazivNisuSlovaException: Niste unijeli samo slova.
	at hr.java.vjezbe.glavna.Glavna.nazivPredmeta(Glavna.java:105)
	at hr.java.vjezbe.glavna.Glavna.main(Glavna.java:40)
2022-11-08 20:59:55,786 ERROR [main] h.j.v.g.Glavna [Glavna.java:47] Nije pravilan unos
hr.java.vjezbe.iznimke.NazivNisuSlovaException: Niste unijeli samo slova.
	at hr.java.vjezbe.glavna.Glavna.nazivPredmeta(Glavna.java:105)
	at hr.java.vjezbe.glavna.Glavna.main(Glavna.java:40)
2022-11-08 21:00:58,278 INFO [main] h.j.v.g.Glavna [Glavna.java:36] Početak programa. 
2022-11-08 21:01:00,381 ERROR [main] h.j.v.g.Glavna [Glavna.java:46] Nije pravilan unos
hr.java.vjezbe.iznimke.NazivNisuSlovaException: Niste unijeli samo slova.
	at hr.java.vjezbe.glavna.Glavna.nazivPredmeta(Glavna.java:104)
	at hr.java.vjezbe.glavna.Glavna.main(Glavna.java:40)
2022-11-08 21:01:02,209 ERROR [main] h.j.v.g.Glavna [Glavna.java:46] Nije pravilan unos
hr.java.vjezbe.iznimke.NazivNisuSlovaException: Niste unijeli samo slova.
	at hr.java.vjezbe.glavna.Glavna.nazivPredmeta(Glavna.java:104)
	at hr.java.vjezbe.glavna.Glavna.main(Glavna.java:40)
2022-11-08 21:01:34,951 INFO [main] h.j.v.g.Glavna [Glavna.java:36] Početak programa. 
2022-11-08 21:01:43,342 ERROR [main] h.j.v.g.Glavna [Glavna.java:43] Nije pravilna duzina
hr.java.vjezbe.iznimke.NazivDuzinaExeption: Niste unijeli ispravnu duljinu naziva predmeta.
	at hr.java.vjezbe.glavna.Glavna.nazivPredmeta(Glavna.java:97)
	at hr.java.vjezbe.glavna.Glavna.main(Glavna.java:40)
2022-11-08 21:03:55,156 INFO [main] h.j.v.g.Glavna [Glavna.java:36] Početak programa. 
2022-11-08 21:03:56,083 ERROR [main] h.j.v.g.Glavna [Glavna.java:43] Nije pravilna duzina
hr.java.vjezbe.iznimke.NazivDuzinaExeption: Niste unijeli ispravnu duljinu naziva predmeta.
	at hr.java.vjezbe.glavna.Glavna.nazivPredmeta(Glavna.java:97)
	at hr.java.vjezbe.glavna.Glavna.main(Glavna.java:40)
2022-11-08 21:03:59,035 ERROR [main] h.j.v.g.Glavna [Glavna.java:43] Nije pravilna duzina
hr.java.vjezbe.iznimke.NazivDuzinaExeption: Niste unijeli ispravnu duljinu naziva predmeta.
	at hr.java.vjezbe.glavna.Glavna.nazivPredmeta(Glavna.java:97)
	at hr.java.vjezbe.glavna.Glavna.main(Glavna.java:40)
2022-11-08 21:04:01,307 ERROR [main] h.j.v.g.Glavna [Glavna.java:46] Nije pravilan unos
hr.java.vjezbe.iznimke.NazivNisuSlovaException: Niste unijeli samo slova.
	at hr.java.vjezbe.glavna.Glavna.nazivPredmeta(Glavna.java:103)
	at hr.java.vjezbe.glavna.Glavna.main(Glavna.java:40)
2022-11-08 21:04:04,807 ERROR [main] h.j.v.g.Glavna [Glavna.java:46] Nije pravilan unos
hr.java.vjezbe.iznimke.NazivNisuSlovaException: Niste unijeli samo slova.
	at hr.java.vjezbe.glavna.Glavna.nazivPredmeta(Glavna.java:103)
	at hr.java.vjezbe.glavna.Glavna.main(Glavna.java:40)
2022-11-08 21:04:09,656 ERROR [main] h.j.v.g.Glavna [Glavna.java:46] Nije pravilan unos
hr.java.vjezbe.iznimke.NazivNisuSlovaException: Niste unijeli samo slova.
	at hr.java.vjezbe.glavna.Glavna.nazivPredmeta(Glavna.java:103)
	at hr.java.vjezbe.glavna.Glavna.main(Glavna.java:40)
2022-11-08 21:04:11,778 ERROR [main] h.j.v.g.Glavna [Glavna.java:46] Nije pravilan unos
hr.java.vjezbe.iznimke.NazivNisuSlovaException: Niste unijeli samo slova.
	at hr.java.vjezbe.glavna.Glavna.nazivPredmeta(Glavna.java:103)
	at hr.java.vjezbe.glavna.Glavna.main(Glavna.java:40)
2022-11-08 21:04:29,172 INFO [main] h.j.v.g.Glavna [Glavna.java:36] Početak programa. 
2022-11-08 21:04:55,589 INFO [main] h.j.v.g.Glavna [Glavna.java:36] Početak programa. 
2022-11-08 21:05:44,510 ERROR [main] h.j.v.g.Glavna [Glavna.java:46] Nije pravilan unos
hr.java.vjezbe.iznimke.NazivNisuSlovaException: Niste unijeli samo slova.
	at hr.java.vjezbe.glavna.Glavna.nazivPredmeta(Glavna.java:103)
	at hr.java.vjezbe.glavna.Glavna.main(Glavna.java:40)
2022-11-08 21:05:49,685 INFO [main] h.j.v.g.Glavna [Glavna.java:36] Početak programa. 
2022-11-08 21:05:54,062 ERROR [main] h.j.v.g.Glavna [Glavna.java:46] Nije pravilan unos
hr.java.vjezbe.iznimke.NazivNisuSlovaException: Niste unijeli samo slova.
	at hr.java.vjezbe.glavna.Glavna.nazivPredmeta(Glavna.java:103)
	at hr.java.vjezbe.glavna.Glavna.main(Glavna.java:40)
2022-11-08 21:05:55,964 ERROR [main] h.j.v.g.Glavna [Glavna.java:46] Nije pravilan unos
hr.java.vjezbe.iznimke.NazivNisuSlovaException: Niste unijeli samo slova.
	at hr.java.vjezbe.glavna.Glavna.nazivPredmeta(Glavna.java:103)
	at hr.java.vjezbe.glavna.Glavna.main(Glavna.java:40)
2022-11-08 21:05:58,433 ERROR [main] h.j.v.g.Glavna [Glavna.java:46] Nije pravilan unos
hr.java.vjezbe.iznimke.NazivNisuSlovaException: Niste unijeli samo slova.
	at hr.java.vjezbe.glavna.Glavna.nazivPredmeta(Glavna.java:103)
	at hr.java.vjezbe.glavna.Glavna.main(Glavna.java:40)
2022-11-08 21:06:20,668 INFO [main] h.j.v.g.Glavna [Glavna.java:36] Početak programa. 
2022-11-08 21:06:22,337 ERROR [main] h.j.v.g.Glavna [Glavna.java:46] Nije pravilan unos
hr.java.vjezbe.iznimke.NazivNisuSlovaException: Niste unijeli samo slova.
	at hr.java.vjezbe.glavna.Glavna.nazivPredmeta(Glavna.java:104)
	at hr.java.vjezbe.glavna.Glavna.main(Glavna.java:40)
2022-11-08 21:06:28,830 ERROR [main] h.j.v.g.Glavna [Glavna.java:46] Nije pravilan unos
hr.java.vjezbe.iznimke.NazivNisuSlovaException: Niste unijeli samo slova.
	at hr.java.vjezbe.glavna.Glavna.nazivPredmeta(Glavna.java:104)
	at hr.java.vjezbe.glavna.Glavna.main(Glavna.java:40)
2022-11-08 21:07:34,468 INFO [main] h.j.v.g.Glavna [Glavna.java:36] Početak programa. 
2022-11-08 21:07:35,378 ERROR [main] h.j.v.g.Glavna [Glavna.java:46] Nije pravilan unos
hr.java.vjezbe.iznimke.NazivNisuSlovaException: Niste unijeli samo slova.
	at hr.java.vjezbe.glavna.Glavna.nazivPredmeta(Glavna.java:104)
	at hr.java.vjezbe.glavna.Glavna.main(Glavna.java:40)
2022-11-08 21:08:49,492 INFO [main] h.j.v.g.Glavna [Glavna.java:36] Početak programa. 
2022-11-08 21:08:52,539 ERROR [main] h.j.v.g.Glavna [Glavna.java:46] Nije pravilan unos
hr.java.vjezbe.iznimke.NazivNisuSlovaException: Niste unijeli samo slova.
	at hr.java.vjezbe.glavna.Glavna.nazivPredmeta(Glavna.java:104)
	at hr.java.vjezbe.glavna.Glavna.main(Glavna.java:40)
