2022-10-31 09:18:28,972 ERROR [main] h.j.v.g.Glavna [Glavna.java:387] Nije upisana brojcana vrijednost. 
java.util.InputMismatchException: null
	at java.base/java.util.Scanner.throwFor(Scanner.java:943)
	at java.base/java.util.Scanner.next(Scanner.java:1598)
	at java.base/java.util.Scanner.nextInt(Scanner.java:2263)
	at java.base/java.util.Scanner.nextInt(Scanner.java:2217)
	at hr.java.vjezbe.glavna.Glavna.provjeraUnosaInteger(Glavna.java:380)
	at hr.java.vjezbe.glavna.Glavna.main(Glavna.java:56)
2022-10-31 09:19:45,606 ERROR [main] h.j.v.g.Glavna [Glavna.java:387] Nije upisana brojcana vrijednost. 
java.util.InputMismatchException: null
	at java.base/java.util.Scanner.throwFor(Scanner.java:943)
	at java.base/java.util.Scanner.next(Scanner.java:1598)
	at java.base/java.util.Scanner.nextInt(Scanner.java:2263)
	at java.base/java.util.Scanner.nextInt(Scanner.java:2217)
	at hr.java.vjezbe.glavna.Glavna.provjeraUnosaInteger(Glavna.java:380)
	at hr.java.vjezbe.glavna.Glavna.main(Glavna.java:56)
2022-10-31 09:20:23,478 ERROR [main] h.j.v.g.Glavna [Glavna.java:387] Nije upisana brojcana vrijednost. 
java.util.InputMismatchException: null
	at java.base/java.util.Scanner.throwFor(Scanner.java:943)
	at java.base/java.util.Scanner.next(Scanner.java:1598)
	at java.base/java.util.Scanner.nextInt(Scanner.java:2263)
	at java.base/java.util.Scanner.nextInt(Scanner.java:2217)
	at hr.java.vjezbe.glavna.Glavna.provjeraUnosaInteger(Glavna.java:380)
	at hr.java.vjezbe.glavna.Glavna.main(Glavna.java:56)
2022-10-31 09:20:24,361 ERROR [main] h.j.v.g.Glavna [Glavna.java:387] Nije upisana brojcana vrijednost. 
java.util.InputMismatchException: null
	at java.base/java.util.Scanner.throwFor(Scanner.java:943)
	at java.base/java.util.Scanner.next(Scanner.java:1598)
	at java.base/java.util.Scanner.nextInt(Scanner.java:2263)
	at java.base/java.util.Scanner.nextInt(Scanner.java:2217)
	at hr.java.vjezbe.glavna.Glavna.provjeraUnosaInteger(Glavna.java:380)
	at hr.java.vjezbe.glavna.Glavna.main(Glavna.java:56)
2022-10-31 09:20:26,556 ERROR [main] h.j.v.g.Glavna [Glavna.java:387] Nije upisana brojcana vrijednost. 
java.util.InputMismatchException: null
	at java.base/java.util.Scanner.throwFor(Scanner.java:943)
	at java.base/java.util.Scanner.next(Scanner.java:1598)
	at java.base/java.util.Scanner.nextInt(Scanner.java:2263)
	at java.base/java.util.Scanner.nextInt(Scanner.java:2217)
	at hr.java.vjezbe.glavna.Glavna.provjeraUnosaInteger(Glavna.java:380)
	at hr.java.vjezbe.glavna.Glavna.main(Glavna.java:56)
2022-10-31 09:21:57,765 ERROR [main] h.j.v.g.Glavna [Glavna.java:387] Nije upisana brojcana vrijednost. 
2022-10-31 09:21:59,693 ERROR [main] h.j.v.g.Glavna [Glavna.java:387] Nije upisana brojcana vrijednost. 
2022-11-01 12:37:30,169 INFO [main] h.j.v.g.Glavna [Glavna.java:28] Početak programa. 
2022-11-01 12:37:33,312 ERROR [main] h.j.v.g.Glavna [Glavna.java:407] Nije upisana brojcana vrijednost. 
java.util.InputMismatchException: null
	at java.base/java.util.Scanner.throwFor(Scanner.java:943)
	at java.base/java.util.Scanner.next(Scanner.java:1598)
	at java.base/java.util.Scanner.nextInt(Scanner.java:2263)
	at java.base/java.util.Scanner.nextInt(Scanner.java:2217)
	at hr.java.vjezbe.glavna.Glavna.unosIntegera(Glavna.java:400)
	at hr.java.vjezbe.glavna.Glavna.main(Glavna.java:31)
2022-11-01 12:37:37,682 INFO [main] h.j.v.g.Glavna [Glavna.java:33] Unos ustanova. 
2022-11-01 12:37:37,688 INFO [main] h.j.v.g.Glavna [Glavna.java:37] Unos profesora. 
2022-11-01 12:38:28,362 INFO [main] h.j.v.g.Glavna [Glavna.java:40] Unos predmeta. 
2022-11-01 12:39:57,796 INFO [main] h.j.v.g.Glavna [Glavna.java:43] Unos studenata. 
2022-11-01 12:41:00,233 INFO [main] h.j.v.g.Glavna [Glavna.java:46] Unos ispita. 
2022-11-01 12:42:35,747 INFO [main] h.j.v.g.Glavna [Glavna.java:51] Spremanje informacija u ustanove. 
2022-11-01 12:42:48,805 INFO [main] h.j.v.g.Glavna [Glavna.java:340] Student Marko Curic je iz ispita programiranje u jeziku java dobio nedovoljan(1)!!!
hr.java.vjezbe.iznimke.NemoguceOdreditiProsjekStudentaException: Student Marko Curic je iz ispita programiranje u jeziku java dobio nedovoljan(1)!!!
	at hr.java.vjezbe.entitet.Visokoskolska.odrediProsjekOcjenaNaIspitima(Visokoskolska.java:31)
	at hr.java.vjezbe.glavna.Glavna.unosObrazovnaUstanova(Glavna.java:325)
	at hr.java.vjezbe.glavna.Glavna.main(Glavna.java:52)
2022-11-01 12:43:10,675 INFO [main] h.j.v.g.Glavna [VeleucilisteJave.java:49] Metoda OdradiNajuspjesnijegStudenta u klasi Veleucilistejave naisao na studenta s ocjenom 1.
hr.java.vjezbe.iznimke.NemoguceOdreditiProsjekStudentaException: Student Marko Curic je iz ispita programiranje u jeziku java dobio nedovoljan(1)!!!
	at hr.java.vjezbe.entitet.Visokoskolska.odrediProsjekOcjenaNaIspitima(Visokoskolska.java:31)
	at hr.java.vjezbe.entitet.VeleucilisteJave.odrediNajuspjesnijegStudentaNaGodini(VeleucilisteJave.java:43)
	at hr.java.vjezbe.glavna.Glavna.unosObrazovnaUstanova(Glavna.java:369)
	at hr.java.vjezbe.glavna.Glavna.main(Glavna.java:52)
2022-11-01 12:43:10,676 INFO [main] h.j.v.g.Glavna [Glavna.java:37] Unos profesora. 
2022-11-01 12:46:02,060 INFO [main] h.j.v.g.Glavna [Glavna.java:40] Unos predmeta. 
2022-11-01 12:47:03,307 INFO [main] h.j.v.g.Glavna [Glavna.java:43] Unos studenata. 
2022-11-01 12:47:58,410 INFO [main] h.j.v.g.Glavna [Glavna.java:46] Unos ispita. 
2022-11-01 12:49:14,046 INFO [main] h.j.v.g.Glavna [Glavna.java:51] Spremanje informacija u ustanove. 
2022-11-01 12:49:56,136 INFO [main] h.j.v.g.Glavna [Glavna.java:380] pronadjeno vise najmladjih studenata
hr.java.vjezbe.iznimke.PostojiViseNajmladjihStudenataException: Pronađeno je više najmlađih studenata s istim datumom rođenja,a to su : Emil Frankovic Danka Zupanovic 
	at hr.java.vjezbe.entitet.FakultetRacunarstva.odrediStudentaZaRektorovuNagradu(FakultetRacunarstva.java:109)
	at hr.java.vjezbe.glavna.Glavna.unosObrazovnaUstanova(Glavna.java:375)
	at hr.java.vjezbe.glavna.Glavna.main(Glavna.java:52)
2022-11-06 15:10:44,223 INFO [main] h.j.v.g.Glavna [Glavna.java:30] Početak programa. 
2022-11-06 17:38:52,901 INFO [main] h.j.v.g.Glavna [Glavna.java:28] Početak programa. 
2022-11-06 17:39:01,181 INFO [main] h.j.v.g.Glavna [Glavna.java:33] Unos ustanova. 
2022-11-06 17:39:01,186 INFO [main] h.j.v.g.Glavna [Glavna.java:37] Unos profesora. 
2022-11-06 17:39:40,445 INFO [main] h.j.v.g.Glavna [Glavna.java:40] Unos predmeta. 
2022-11-06 17:41:34,662 INFO [main] h.j.v.g.Glavna [Glavna.java:47] Unos studenata. 
2022-11-06 17:42:42,244 INFO [main] h.j.v.g.Glavna [Glavna.java:28] Početak programa. 
2022-11-06 17:42:56,564 INFO [main] h.j.v.g.Glavna [Glavna.java:33] Unos ustanova. 
2022-11-06 17:42:56,571 INFO [main] h.j.v.g.Glavna [Glavna.java:37] Unos profesora. 
2022-11-06 17:44:37,970 INFO [main] h.j.v.g.Glavna [Glavna.java:40] Unos predmeta. 
2022-11-06 17:45:38,247 INFO [main] h.j.v.g.Glavna [Glavna.java:47] Unos studenata. 
2022-11-06 17:48:37,539 INFO [main] h.j.v.g.Glavna [Glavna.java:50] Unos ispita. 
2022-11-06 17:49:56,107 INFO [main] h.j.v.g.Glavna [Glavna.java:55] Spremanje informacija u ustanove. 
2022-11-06 17:53:14,776 INFO [main] h.j.v.g.Glavna [Glavna.java:28] Početak programa. 
2022-11-06 17:55:06,483 INFO [main] h.j.v.g.Glavna [Glavna.java:28] Početak programa. 
2022-11-06 17:55:11,356 INFO [main] h.j.v.g.Glavna [Glavna.java:33] Unos ustanova. 
2022-11-06 17:55:11,363 INFO [main] h.j.v.g.Glavna [Glavna.java:37] Unos profesora. 
2022-11-06 17:58:32,575 INFO [main] h.j.v.g.Glavna [Glavna.java:28] Početak programa. 
2022-11-06 17:58:33,585 INFO [main] h.j.v.g.Glavna [Glavna.java:33] Unos ustanova. 
2022-11-06 17:58:33,592 INFO [main] h.j.v.g.Glavna [Glavna.java:37] Unos profesora. 
2022-11-06 17:58:33,599 INFO [main] h.j.v.g.Glavna [Glavna.java:40] Unos predmeta. 
2022-11-06 17:58:33,618 INFO [main] h.j.v.g.Glavna [Glavna.java:47] Unos studenata. 
2022-11-06 17:58:34,846 INFO [main] h.j.v.g.Glavna [Glavna.java:50] Unos ispita. 
2022-11-06 17:59:56,266 INFO [main] h.j.v.g.Glavna [Glavna.java:55] Spremanje informacija u ustanove. 
2022-11-06 18:09:49,632 INFO [main] h.j.v.g.Glavna [Glavna.java:28] Početak programa. 
2022-11-06 18:10:06,402 INFO [main] h.j.v.g.Glavna [Glavna.java:33] Unos ustanova. 
2022-11-06 18:10:06,426 INFO [main] h.j.v.g.Glavna [Glavna.java:37] Unos profesora. 
2022-11-06 18:10:06,443 INFO [main] h.j.v.g.Glavna [Glavna.java:40] Unos predmeta. 
2022-11-06 18:10:06,480 INFO [main] h.j.v.g.Glavna [Glavna.java:47] Unos studenata. 
2022-11-06 18:10:06,489 INFO [main] h.j.v.g.Glavna [Glavna.java:50] Unos ispita. 
2022-11-06 18:10:07,477 INFO [main] h.j.v.g.Glavna [Glavna.java:55] Spremanje informacija u ustanove. 
2022-11-06 18:11:06,080 INFO [main] h.j.v.g.Glavna [Glavna.java:28] Početak programa. 
2022-11-06 18:11:07,488 INFO [main] h.j.v.g.Glavna [Glavna.java:33] Unos ustanova. 
2022-11-06 18:11:07,505 INFO [main] h.j.v.g.Glavna [Glavna.java:37] Unos profesora. 
2022-11-06 18:11:07,522 INFO [main] h.j.v.g.Glavna [Glavna.java:40] Unos predmeta. 
2022-11-06 18:11:07,557 INFO [main] h.j.v.g.Glavna [Glavna.java:47] Unos studenata. 
2022-11-06 18:11:07,570 INFO [main] h.j.v.g.Glavna [Glavna.java:50] Unos ispita. 
2022-11-06 18:11:08,424 INFO [main] h.j.v.g.Glavna [Glavna.java:55] Spremanje informacija u ustanove. 
2022-11-06 18:12:46,034 INFO [main] h.j.v.g.Glavna [Glavna.java:28] Početak programa. 
2022-11-06 18:12:48,453 INFO [main] h.j.v.g.Glavna [Glavna.java:33] Unos ustanova. 
2022-11-06 18:12:48,499 INFO [main] h.j.v.g.Glavna [Glavna.java:37] Unos profesora. 
2022-11-06 18:12:48,516 INFO [main] h.j.v.g.Glavna [Glavna.java:40] Unos predmeta. 
2022-11-06 18:12:48,588 INFO [main] h.j.v.g.Glavna [Glavna.java:47] Unos studenata. 
2022-11-06 18:12:48,593 INFO [main] h.j.v.g.Glavna [Glavna.java:50] Unos ispita. 
2022-11-06 18:12:49,275 INFO [main] h.j.v.g.Glavna [Glavna.java:55] Spremanje informacija u ustanove. 
2022-11-06 18:14:57,554 INFO [main] h.j.v.g.Glavna [Glavna.java:28] Početak programa. 
2022-11-06 18:14:58,551 INFO [main] h.j.v.g.Glavna [Glavna.java:33] Unos ustanova. 
2022-11-06 18:14:58,558 INFO [main] h.j.v.g.Glavna [Glavna.java:37] Unos profesora. 
2022-11-06 18:14:58,564 INFO [main] h.j.v.g.Glavna [Glavna.java:40] Unos predmeta. 
2022-11-06 18:14:58,583 INFO [main] h.j.v.g.Glavna [Glavna.java:47] Unos studenata. 
2022-11-06 18:14:58,591 INFO [main] h.j.v.g.Glavna [Glavna.java:50] Unos ispita. 
2022-11-06 18:14:59,476 INFO [main] h.j.v.g.Glavna [Glavna.java:55] Spremanje informacija u ustanove. 
2022-11-06 18:16:14,558 INFO [main] h.j.v.g.Glavna [Glavna.java:28] Početak programa. 
2022-11-06 18:16:15,489 INFO [main] h.j.v.g.Glavna [Glavna.java:33] Unos ustanova. 
2022-11-06 18:16:15,496 INFO [main] h.j.v.g.Glavna [Glavna.java:37] Unos profesora. 
2022-11-06 18:16:15,502 INFO [main] h.j.v.g.Glavna [Glavna.java:40] Unos predmeta. 
2022-11-06 18:16:15,521 INFO [main] h.j.v.g.Glavna [Glavna.java:47] Unos studenata. 
2022-11-06 18:16:15,527 INFO [main] h.j.v.g.Glavna [Glavna.java:50] Unos ispita. 
2022-11-06 18:16:16,999 INFO [main] h.j.v.g.Glavna [Glavna.java:55] Spremanje informacija u ustanove. 
2022-11-06 18:16:23,704 INFO [main] h.j.v.g.Glavna [VeleucilisteJave.java:52] Ne postoje ispiti za studenta Ivica Horvat u 2022.
java.lang.ArithmeticException: / by zero
	at hr.java.vjezbe.entitet.Visokoskolska.odrediProsjekOcjenaNaIspitima(Visokoskolska.java:35)
	at hr.java.vjezbe.entitet.VeleucilisteJave.odrediNajuspjesnijegStudentaNaGodini(VeleucilisteJave.java:42)
	at hr.java.vjezbe.glavna.Glavna.unosObrazovnaUstanova(Glavna.java:359)
	at hr.java.vjezbe.glavna.Glavna.main(Glavna.java:56)
2022-11-06 18:16:29,628 INFO [main] h.j.v.g.Glavna [VeleucilisteJave.java:52] Ne postoje ispiti za studenta Martina Horvat u 2022.
java.lang.ArithmeticException: / by zero
	at hr.java.vjezbe.entitet.Visokoskolska.odrediProsjekOcjenaNaIspitima(Visokoskolska.java:35)
	at hr.java.vjezbe.entitet.VeleucilisteJave.odrediNajuspjesnijegStudentaNaGodini(VeleucilisteJave.java:42)
	at hr.java.vjezbe.glavna.Glavna.unosObrazovnaUstanova(Glavna.java:359)
	at hr.java.vjezbe.glavna.Glavna.main(Glavna.java:56)
2022-11-06 18:21:46,506 INFO [main] h.j.v.g.Glavna [Glavna.java:28] Početak programa. 
2022-11-06 18:21:46,860 INFO [main] h.j.v.g.Glavna [Glavna.java:33] Unos ustanova. 
2022-11-06 18:21:46,869 INFO [main] h.j.v.g.Glavna [Glavna.java:37] Unos profesora. 
2022-11-06 18:21:46,878 INFO [main] h.j.v.g.Glavna [Glavna.java:40] Unos predmeta. 
2022-11-06 18:21:46,901 INFO [main] h.j.v.g.Glavna [Glavna.java:47] Unos studenata. 
2022-11-06 18:21:46,914 INFO [main] h.j.v.g.Glavna [Glavna.java:50] Unos ispita. 
2022-11-06 18:21:47,952 INFO [main] h.j.v.g.Glavna [Glavna.java:55] Spremanje informacija u ustanove. 
2022-11-06 18:21:54,656 INFO [main] h.j.v.g.Glavna [VeleucilisteJave.java:52] Ne postoje ispiti za studenta Ivica Horvat u 2022.
java.lang.ArithmeticException: / by zero
	at hr.java.vjezbe.entitet.Visokoskolska.odrediProsjekOcjenaNaIspitima(Visokoskolska.java:35)
	at hr.java.vjezbe.entitet.VeleucilisteJave.odrediNajuspjesnijegStudentaNaGodini(VeleucilisteJave.java:43)
	at hr.java.vjezbe.glavna.Glavna.unosObrazovnaUstanova(Glavna.java:359)
	at hr.java.vjezbe.glavna.Glavna.main(Glavna.java:56)
2022-11-06 18:21:54,661 INFO [main] h.j.v.g.Glavna [VeleucilisteJave.java:52] Ne postoje ispiti za studenta Martina Horvat u 2022.
java.lang.ArithmeticException: / by zero
	at hr.java.vjezbe.entitet.Visokoskolska.odrediProsjekOcjenaNaIspitima(Visokoskolska.java:35)
	at hr.java.vjezbe.entitet.VeleucilisteJave.odrediNajuspjesnijegStudentaNaGodini(VeleucilisteJave.java:43)
	at hr.java.vjezbe.glavna.Glavna.unosObrazovnaUstanova(Glavna.java:359)
	at hr.java.vjezbe.glavna.Glavna.main(Glavna.java:56)
2022-11-06 18:41:44,908 INFO [main] h.j.v.g.Glavna [Glavna.java:28] Početak programa. 
2022-11-06 18:41:48,288 INFO [main] h.j.v.g.Glavna [Glavna.java:33] Unos ustanova. 
2022-11-06 18:41:48,319 INFO [main] h.j.v.g.Glavna [Glavna.java:37] Unos profesora. 
2022-11-06 18:41:48,327 INFO [main] h.j.v.g.Glavna [Glavna.java:40] Unos predmeta. 
2022-11-06 18:41:48,359 INFO [main] h.j.v.g.Glavna [Glavna.java:47] Unos studenata. 
2022-11-06 18:41:48,367 INFO [main] h.j.v.g.Glavna [Glavna.java:50] Unos ispita. 
2022-11-06 18:41:49,184 INFO [main] h.j.v.g.Glavna [Glavna.java:55] Spremanje informacija u ustanove. 
2022-11-06 18:41:58,663 INFO [main] h.j.v.g.Glavna [VeleucilisteJave.java:52] Ne postoje ispiti za studenta Ivica Horvat u 2022.
java.lang.ArithmeticException: / by zero
	at hr.java.vjezbe.entitet.Visokoskolska.odrediProsjekOcjenaNaIspitima(Visokoskolska.java:35)
	at hr.java.vjezbe.entitet.VeleucilisteJave.odrediNajuspjesnijegStudentaNaGodini(VeleucilisteJave.java:43)
	at hr.java.vjezbe.glavna.Glavna.unosObrazovnaUstanova(Glavna.java:361)
	at hr.java.vjezbe.glavna.Glavna.main(Glavna.java:56)
2022-11-06 18:41:58,668 INFO [main] h.j.v.g.Glavna [VeleucilisteJave.java:52] Ne postoje ispiti za studenta Martina Horvat u 2022.
java.lang.ArithmeticException: / by zero
	at hr.java.vjezbe.entitet.Visokoskolska.odrediProsjekOcjenaNaIspitima(Visokoskolska.java:35)
	at hr.java.vjezbe.entitet.VeleucilisteJave.odrediNajuspjesnijegStudentaNaGodini(VeleucilisteJave.java:43)
	at hr.java.vjezbe.glavna.Glavna.unosObrazovnaUstanova(Glavna.java:361)
	at hr.java.vjezbe.glavna.Glavna.main(Glavna.java:56)
2022-11-06 18:42:06,524 INFO [main] h.j.v.g.Glavna [Glavna.java:28] Početak programa. 
2022-11-06 18:42:08,395 INFO [main] h.j.v.g.Glavna [Glavna.java:33] Unos ustanova. 
2022-11-06 18:42:08,443 INFO [main] h.j.v.g.Glavna [Glavna.java:37] Unos profesora. 
2022-11-06 18:42:08,459 INFO [main] h.j.v.g.Glavna [Glavna.java:40] Unos predmeta. 
2022-11-06 18:42:08,510 INFO [main] h.j.v.g.Glavna [Glavna.java:47] Unos studenata. 
2022-11-06 18:42:08,518 INFO [main] h.j.v.g.Glavna [Glavna.java:50] Unos ispita. 
2022-11-06 18:42:09,372 INFO [main] h.j.v.g.Glavna [Glavna.java:55] Spremanje informacija u ustanove. 
2022-11-06 18:42:50,536 INFO [main] h.j.v.g.Glavna [Glavna.java:28] Početak programa. 
2022-11-06 18:42:51,006 INFO [main] h.j.v.g.Glavna [Glavna.java:33] Unos ustanova. 
2022-11-06 18:42:51,020 INFO [main] h.j.v.g.Glavna [Glavna.java:37] Unos profesora. 
2022-11-06 18:42:51,028 INFO [main] h.j.v.g.Glavna [Glavna.java:40] Unos predmeta. 
2022-11-06 18:42:51,060 INFO [main] h.j.v.g.Glavna [Glavna.java:47] Unos studenata. 
2022-11-06 18:42:51,072 INFO [main] h.j.v.g.Glavna [Glavna.java:50] Unos ispita. 
2022-11-06 18:42:51,089 INFO [main] h.j.v.g.Glavna [Glavna.java:55] Spremanje informacija u ustanove. 
2022-11-06 18:44:42,163 INFO [main] h.j.v.g.Glavna [Glavna.java:28] Početak programa. 
2022-11-06 18:44:50,806 INFO [main] h.j.v.g.Glavna [Glavna.java:33] Unos ustanova. 
2022-11-06 18:44:50,828 INFO [main] h.j.v.g.Glavna [Glavna.java:37] Unos profesora. 
2022-11-06 18:44:50,855 INFO [main] h.j.v.g.Glavna [Glavna.java:40] Unos predmeta. 
2022-11-06 18:44:50,887 INFO [main] h.j.v.g.Glavna [Glavna.java:47] Unos studenata. 
2022-11-06 18:44:50,903 INFO [main] h.j.v.g.Glavna [Glavna.java:50] Unos ispita. 
2022-11-06 18:44:50,923 INFO [main] h.j.v.g.Glavna [Glavna.java:56] Spremanje informacija u ustanove. 
2022-11-18 18:06:47,215 INFO [main] h.j.v.g.Glavna [Glavna.java:28] Početak programa. 
2022-11-18 18:07:01,126 INFO [main] h.j.v.g.Glavna [Glavna.java:33] Unos ustanova. 
2022-11-18 18:07:01,130 INFO [main] h.j.v.g.Glavna [Glavna.java:37] Unos profesora. 
2022-11-18 18:07:34,171 INFO [main] h.j.v.g.Glavna [Glavna.java:40] Unos predmeta. 
2022-11-18 18:08:31,459 INFO [main] h.j.v.g.Glavna [Glavna.java:47] Unos studenata. 
2022-11-18 18:09:49,394 INFO [main] h.j.v.g.Glavna [Glavna.java:50] Unos ispita. 
2022-11-18 18:10:42,363 INFO [main] h.j.v.g.Glavna [Glavna.java:56] Spremanje informacija u ustanove. 
2022-11-18 18:17:56,648 INFO [main] h.j.v.g.Glavna [Glavna.java:30] Početak programa. 
2022-11-18 18:19:32,305 INFO [main] h.j.v.g.Glavna [Glavna.java:30] Početak programa. 
2022-11-18 18:27:12,924 INFO [main] h.j.v.g.Glavna [Glavna.java:27] Početak programa. 
2022-11-18 18:27:34,604 INFO [main] h.j.v.g.Glavna [Glavna.java:32] Unos ustanova. 
2022-11-18 18:27:34,617 INFO [main] h.j.v.g.Glavna [Glavna.java:36] Unos profesora. 
2022-11-18 18:27:34,623 INFO [main] h.j.v.g.Glavna [Glavna.java:39] Unos predmeta. 
2022-11-18 18:27:34,654 INFO [main] h.j.v.g.Glavna [Glavna.java:46] Unos studenata. 
2022-11-18 18:27:34,667 INFO [main] h.j.v.g.Glavna [Glavna.java:49] Unos ispita. 
2022-11-18 18:27:34,704 INFO [main] h.j.v.g.Glavna [Glavna.java:55] Spremanje informacija u ustanove. 
2022-11-19 14:42:22,340 INFO [main] h.j.v.g.Glavna [Glavna.java:27] Početak programa. 
2022-11-19 14:46:14,147 INFO [main] h.j.v.g.Glavna [Glavna.java:32] Unos ustanova. 
2022-11-19 14:46:14,194 INFO [main] h.j.v.g.Glavna [Glavna.java:36] Unos profesora. 
2022-11-19 14:46:14,220 INFO [main] h.j.v.g.Glavna [Glavna.java:39] Unos predmeta. 
2022-11-19 14:46:14,288 INFO [main] h.j.v.g.Glavna [Glavna.java:46] Unos studenata. 
2022-11-19 14:46:14,297 INFO [main] h.j.v.g.Glavna [Glavna.java:49] Unos ispita. 
2022-11-19 14:46:14,317 INFO [main] h.j.v.g.Glavna [Glavna.java:55] Spremanje informacija u ustanove. 
2022-11-19 14:46:42,781 INFO [main] h.j.v.g.Glavna [Glavna.java:27] Početak programa. 
2022-11-19 14:46:43,896 INFO [main] h.j.v.g.Glavna [Glavna.java:32] Unos ustanova. 
2022-11-19 14:46:43,909 INFO [main] h.j.v.g.Glavna [Glavna.java:36] Unos profesora. 
2022-11-19 14:46:43,915 INFO [main] h.j.v.g.Glavna [Glavna.java:39] Unos predmeta. 
2022-11-19 14:46:43,933 INFO [main] h.j.v.g.Glavna [Glavna.java:46] Unos studenata. 
2022-11-19 14:46:43,940 INFO [main] h.j.v.g.Glavna [Glavna.java:49] Unos ispita. 
2022-11-19 14:46:43,968 INFO [main] h.j.v.g.Glavna [Glavna.java:55] Spremanje informacija u ustanove. 
2022-11-19 14:46:44,921 INFO [main] h.j.v.g.Glavna [Glavna.java:36] Unos profesora. 
2022-11-19 14:47:38,880 INFO [main] h.j.v.g.Glavna [Glavna.java:39] Unos predmeta. 
2022-11-19 14:49:32,043 INFO [main] h.j.v.g.Glavna [Glavna.java:46] Unos studenata. 
2022-11-19 14:50:23,561 INFO [main] h.j.v.g.Glavna [Glavna.java:49] Unos ispita. 
2022-11-19 14:51:16,941 INFO [main] h.j.v.g.Glavna [Glavna.java:55] Spremanje informacija u ustanove. 
2022-11-25 15:45:04,737 INFO [main] h.j.v.g.Glavna [Glavna.java:28] Početak programa. 
2022-11-25 15:45:11,681 INFO [main] h.j.v.g.Glavna [Glavna.java:46] Unos ustanova. 
2022-11-25 15:45:11,686 INFO [main] h.j.v.g.Glavna [Glavna.java:50] Unos profesora. 
2022-11-25 15:46:06,086 INFO [main] h.j.v.g.Glavna [Glavna.java:28] Početak programa. 
2022-11-25 15:46:09,149 INFO [main] h.j.v.g.Glavna [Glavna.java:46] Unos ustanova. 
2022-11-25 15:46:09,152 INFO [main] h.j.v.g.Glavna [Glavna.java:50] Unos profesora. 
2022-11-25 15:46:43,987 INFO [main] h.j.v.g.Glavna [Glavna.java:28] Početak programa. 
2022-11-25 15:46:46,592 INFO [main] h.j.v.g.Glavna [Glavna.java:46] Unos ustanova. 
2022-11-25 15:46:46,595 INFO [main] h.j.v.g.Glavna [Glavna.java:50] Unos profesora. 
2022-11-25 15:47:09,554 INFO [main] h.j.v.g.Glavna [Glavna.java:28] Početak programa. 
2022-11-25 15:47:10,877 INFO [main] h.j.v.g.Glavna [Glavna.java:46] Unos ustanova. 
2022-11-25 15:47:10,881 INFO [main] h.j.v.g.Glavna [Glavna.java:50] Unos profesora. 
2022-11-25 15:47:28,600 INFO [main] h.j.v.g.Glavna [Glavna.java:28] Početak programa. 
2022-11-25 15:47:31,404 INFO [main] h.j.v.g.Glavna [Glavna.java:46] Unos ustanova. 
2022-11-25 15:47:31,407 INFO [main] h.j.v.g.Glavna [Glavna.java:50] Unos profesora. 
2022-11-25 15:47:50,668 INFO [main] h.j.v.g.Glavna [Glavna.java:28] Početak programa. 
2022-11-25 15:47:53,225 INFO [main] h.j.v.g.Glavna [Glavna.java:46] Unos ustanova. 
2022-11-25 15:47:53,229 INFO [main] h.j.v.g.Glavna [Glavna.java:50] Unos profesora. 
2022-12-01 03:05:56,337 INFO [main] h.j.v.g.Glavna [GlavnaDatoteke.java:117] greska kod otvaranja studenti.txt
java.io.FileNotFoundException: studenti.txt (The system cannot find the file specified)
	at java.base/java.io.FileInputStream.open0(Native Method)
	at java.base/java.io.FileInputStream.open(FileInputStream.java:219)
	at java.base/java.io.FileInputStream.<init>(FileInputStream.java:158)
	at java.base/java.io.FileInputStream.<init>(FileInputStream.java:112)
	at java.base/java.io.FileReader.<init>(FileReader.java:60)
	at hr.java.vjezbe.glavna.GlavnaDatoteke.dohvatiStudente(GlavnaDatoteke.java:96)
	at hr.java.vjezbe.glavna.GlavnaDatoteke.main(GlavnaDatoteke.java:27)
2022-12-01 03:05:57,356 INFO [main] h.j.v.g.Glavna [GlavnaDatoteke.java:85] greska kod otvaranja predmeti.txt
java.io.FileNotFoundException: profesori.txt (The system cannot find the file specified)
	at java.base/java.io.FileInputStream.open0(Native Method)
	at java.base/java.io.FileInputStream.open(FileInputStream.java:219)
	at java.base/java.io.FileInputStream.<init>(FileInputStream.java:158)
	at java.base/java.io.FileInputStream.<init>(FileInputStream.java:112)
	at java.base/java.io.FileReader.<init>(FileReader.java:60)
	at hr.java.vjezbe.glavna.GlavnaDatoteke.dohvatiProfesore(GlavnaDatoteke.java:61)
	at hr.java.vjezbe.glavna.GlavnaDatoteke.main(GlavnaDatoteke.java:31)
2022-12-01 03:05:58,369 INFO [main] h.j.v.g.Glavna [GlavnaDatoteke.java:158] greska kod otvaranja predmeti.txt
java.io.FileNotFoundException: predmeti.txt (The system cannot find the file specified)
	at java.base/java.io.FileInputStream.open0(Native Method)
	at java.base/java.io.FileInputStream.open(FileInputStream.java:219)
	at java.base/java.io.FileInputStream.<init>(FileInputStream.java:158)
	at java.base/java.io.FileInputStream.<init>(FileInputStream.java:112)
	at java.base/java.io.FileReader.<init>(FileReader.java:60)
	at hr.java.vjezbe.glavna.GlavnaDatoteke.dohvatiPredmete(GlavnaDatoteke.java:126)
	at hr.java.vjezbe.glavna.GlavnaDatoteke.main(GlavnaDatoteke.java:35)
2022-12-01 03:05:59,382 INFO [main] h.j.v.g.Glavna [GlavnaDatoteke.java:211] greska kod otvaranja ispiti.txt
java.io.FileNotFoundException: ispiti.txt (The system cannot find the file specified)
	at java.base/java.io.FileInputStream.open0(Native Method)
	at java.base/java.io.FileInputStream.open(FileInputStream.java:219)
	at java.base/java.io.FileInputStream.<init>(FileInputStream.java:158)
	at java.base/java.io.FileInputStream.<init>(FileInputStream.java:112)
	at java.base/java.io.FileReader.<init>(FileReader.java:60)
	at hr.java.vjezbe.glavna.GlavnaDatoteke.dohvatiIspite(GlavnaDatoteke.java:167)
	at hr.java.vjezbe.glavna.GlavnaDatoteke.main(GlavnaDatoteke.java:39)
2022-12-01 03:06:00,398 INFO [main] h.j.v.g.Glavna [GlavnaDatoteke.java:273] greska kod otvaranja ispiti.txt
java.io.FileNotFoundException: ustanove.txt (The system cannot find the file specified)
	at java.base/java.io.FileInputStream.open0(Native Method)
	at java.base/java.io.FileInputStream.open(FileInputStream.java:219)
	at java.base/java.io.FileInputStream.<init>(FileInputStream.java:158)
	at java.base/java.io.FileInputStream.<init>(FileInputStream.java:112)
	at java.base/java.io.FileReader.<init>(FileReader.java:60)
	at hr.java.vjezbe.glavna.GlavnaDatoteke.dohvatiObrazovneUstanove(GlavnaDatoteke.java:221)
	at hr.java.vjezbe.glavna.GlavnaDatoteke.main(GlavnaDatoteke.java:43)
2022-12-01 03:07:09,551 INFO [main] h.j.v.g.Glavna [GlavnaDatoteke.java:119] greska kod otvaranja studenti.txt
java.io.FileNotFoundException: studenti.txt (The system cannot find the file specified)
	at java.base/java.io.FileInputStream.open0(Native Method)
	at java.base/java.io.FileInputStream.open(FileInputStream.java:219)
	at java.base/java.io.FileInputStream.<init>(FileInputStream.java:158)
	at java.base/java.io.FileInputStream.<init>(FileInputStream.java:112)
	at java.base/java.io.FileReader.<init>(FileReader.java:60)
	at hr.java.vjezbe.glavna.GlavnaDatoteke.dohvatiStudente(GlavnaDatoteke.java:98)
	at hr.java.vjezbe.glavna.GlavnaDatoteke.main(GlavnaDatoteke.java:27)
2022-12-01 03:07:10,562 INFO [main] h.j.v.g.Glavna [GlavnaDatoteke.java:87] greska kod otvaranja predmeti.txt
java.io.FileNotFoundException: profesori.txt (The system cannot find the file specified)
	at java.base/java.io.FileInputStream.open0(Native Method)
	at java.base/java.io.FileInputStream.open(FileInputStream.java:219)
	at java.base/java.io.FileInputStream.<init>(FileInputStream.java:158)
	at java.base/java.io.FileInputStream.<init>(FileInputStream.java:112)
	at java.base/java.io.FileReader.<init>(FileReader.java:60)
	at hr.java.vjezbe.glavna.GlavnaDatoteke.dohvatiProfesore(GlavnaDatoteke.java:63)
	at hr.java.vjezbe.glavna.GlavnaDatoteke.main(GlavnaDatoteke.java:31)
2022-12-01 03:07:11,578 INFO [main] h.j.v.g.Glavna [GlavnaDatoteke.java:160] greska kod otvaranja predmeti.txt
java.io.FileNotFoundException: predmeti.txt (The system cannot find the file specified)
	at java.base/java.io.FileInputStream.open0(Native Method)
	at java.base/java.io.FileInputStream.open(FileInputStream.java:219)
	at java.base/java.io.FileInputStream.<init>(FileInputStream.java:158)
	at java.base/java.io.FileInputStream.<init>(FileInputStream.java:112)
	at java.base/java.io.FileReader.<init>(FileReader.java:60)
	at hr.java.vjezbe.glavna.GlavnaDatoteke.dohvatiPredmete(GlavnaDatoteke.java:128)
	at hr.java.vjezbe.glavna.GlavnaDatoteke.main(GlavnaDatoteke.java:35)
2022-12-01 03:07:12,588 INFO [main] h.j.v.g.Glavna [GlavnaDatoteke.java:213] greska kod otvaranja ispiti.txt
java.io.FileNotFoundException: ispiti.txt (The system cannot find the file specified)
	at java.base/java.io.FileInputStream.open0(Native Method)
	at java.base/java.io.FileInputStream.open(FileInputStream.java:219)
	at java.base/java.io.FileInputStream.<init>(FileInputStream.java:158)
	at java.base/java.io.FileInputStream.<init>(FileInputStream.java:112)
	at java.base/java.io.FileReader.<init>(FileReader.java:60)
	at hr.java.vjezbe.glavna.GlavnaDatoteke.dohvatiIspite(GlavnaDatoteke.java:169)
	at hr.java.vjezbe.glavna.GlavnaDatoteke.main(GlavnaDatoteke.java:39)
2022-12-01 03:07:13,605 INFO [main] h.j.v.g.Glavna [GlavnaDatoteke.java:275] greska kod otvaranja ispiti.txt
java.io.FileNotFoundException: ustanove.txt (The system cannot find the file specified)
	at java.base/java.io.FileInputStream.open0(Native Method)
	at java.base/java.io.FileInputStream.open(FileInputStream.java:219)
	at java.base/java.io.FileInputStream.<init>(FileInputStream.java:158)
	at java.base/java.io.FileInputStream.<init>(FileInputStream.java:112)
	at java.base/java.io.FileReader.<init>(FileReader.java:60)
	at hr.java.vjezbe.glavna.GlavnaDatoteke.dohvatiObrazovneUstanove(GlavnaDatoteke.java:223)
	at hr.java.vjezbe.glavna.GlavnaDatoteke.main(GlavnaDatoteke.java:47)
2022-12-01 03:08:12,924 INFO [main] h.j.v.g.Glavna [GlavnaDatoteke.java:117] greska kod otvaranja studenti.txt
java.io.FileNotFoundException: studenti.txt (The system cannot find the file specified)
	at java.base/java.io.FileInputStream.open0(Native Method)
	at java.base/java.io.FileInputStream.open(FileInputStream.java:219)
	at java.base/java.io.FileInputStream.<init>(FileInputStream.java:158)
	at java.base/java.io.FileInputStream.<init>(FileInputStream.java:112)
	at java.base/java.io.FileReader.<init>(FileReader.java:60)
	at hr.java.vjezbe.glavna.GlavnaDatoteke.dohvatiStudente(GlavnaDatoteke.java:96)
	at hr.java.vjezbe.glavna.GlavnaDatoteke.main(GlavnaDatoteke.java:27)
2022-12-01 03:08:13,945 INFO [main] h.j.v.g.Glavna [GlavnaDatoteke.java:85] greska kod otvaranja predmeti.txt
java.io.FileNotFoundException: profesori.txt (The system cannot find the file specified)
	at java.base/java.io.FileInputStream.open0(Native Method)
	at java.base/java.io.FileInputStream.open(FileInputStream.java:219)
	at java.base/java.io.FileInputStream.<init>(FileInputStream.java:158)
	at java.base/java.io.FileInputStream.<init>(FileInputStream.java:112)
	at java.base/java.io.FileReader.<init>(FileReader.java:60)
	at hr.java.vjezbe.glavna.GlavnaDatoteke.dohvatiProfesore(GlavnaDatoteke.java:61)
	at hr.java.vjezbe.glavna.GlavnaDatoteke.main(GlavnaDatoteke.java:31)
2022-12-01 03:08:14,946 INFO [main] h.j.v.g.Glavna [GlavnaDatoteke.java:158] greska kod otvaranja predmeti.txt
java.io.FileNotFoundException: predmeti.txt (The system cannot find the file specified)
	at java.base/java.io.FileInputStream.open0(Native Method)
	at java.base/java.io.FileInputStream.open(FileInputStream.java:219)
	at java.base/java.io.FileInputStream.<init>(FileInputStream.java:158)
	at java.base/java.io.FileInputStream.<init>(FileInputStream.java:112)
	at java.base/java.io.FileReader.<init>(FileReader.java:60)
	at hr.java.vjezbe.glavna.GlavnaDatoteke.dohvatiPredmete(GlavnaDatoteke.java:126)
	at hr.java.vjezbe.glavna.GlavnaDatoteke.main(GlavnaDatoteke.java:35)
2022-12-01 03:08:15,951 INFO [main] h.j.v.g.Glavna [GlavnaDatoteke.java:211] greska kod otvaranja ispiti.txt
java.io.FileNotFoundException: ispiti.txt (The system cannot find the file specified)
	at java.base/java.io.FileInputStream.open0(Native Method)
	at java.base/java.io.FileInputStream.open(FileInputStream.java:219)
	at java.base/java.io.FileInputStream.<init>(FileInputStream.java:158)
	at java.base/java.io.FileInputStream.<init>(FileInputStream.java:112)
	at java.base/java.io.FileReader.<init>(FileReader.java:60)
	at hr.java.vjezbe.glavna.GlavnaDatoteke.dohvatiIspite(GlavnaDatoteke.java:167)
	at hr.java.vjezbe.glavna.GlavnaDatoteke.main(GlavnaDatoteke.java:39)
2022-12-01 03:08:16,953 INFO [main] h.j.v.g.Glavna [GlavnaDatoteke.java:273] greska kod otvaranja ispiti.txt
java.io.FileNotFoundException: ustanove.txt (The system cannot find the file specified)
	at java.base/java.io.FileInputStream.open0(Native Method)
	at java.base/java.io.FileInputStream.open(FileInputStream.java:219)
	at java.base/java.io.FileInputStream.<init>(FileInputStream.java:158)
	at java.base/java.io.FileInputStream.<init>(FileInputStream.java:112)
	at java.base/java.io.FileReader.<init>(FileReader.java:60)
	at hr.java.vjezbe.glavna.GlavnaDatoteke.dohvatiObrazovneUstanove(GlavnaDatoteke.java:221)
	at hr.java.vjezbe.glavna.GlavnaDatoteke.main(GlavnaDatoteke.java:43)
2022-12-01 03:08:52,273 INFO [main] h.j.v.g.Glavna [GlavnaDatoteke.java:85] greska kod otvaranja predmeti.txt
java.io.FileNotFoundException: profesori.txt (The system cannot find the file specified)
	at java.base/java.io.FileInputStream.open0(Native Method)
	at java.base/java.io.FileInputStream.open(FileInputStream.java:219)
	at java.base/java.io.FileInputStream.<init>(FileInputStream.java:158)
	at java.base/java.io.FileInputStream.<init>(FileInputStream.java:112)
	at java.base/java.io.FileReader.<init>(FileReader.java:60)
	at hr.java.vjezbe.glavna.GlavnaDatoteke.dohvatiProfesore(GlavnaDatoteke.java:61)
	at hr.java.vjezbe.glavna.GlavnaDatoteke.main(GlavnaDatoteke.java:31)
2022-12-01 03:08:53,287 INFO [main] h.j.v.g.Glavna [GlavnaDatoteke.java:158] greska kod otvaranja predmeti.txt
java.io.FileNotFoundException: predmeti.txt (The system cannot find the file specified)
	at java.base/java.io.FileInputStream.open0(Native Method)
	at java.base/java.io.FileInputStream.open(FileInputStream.java:219)
	at java.base/java.io.FileInputStream.<init>(FileInputStream.java:158)
	at java.base/java.io.FileInputStream.<init>(FileInputStream.java:112)
	at java.base/java.io.FileReader.<init>(FileReader.java:60)
	at hr.java.vjezbe.glavna.GlavnaDatoteke.dohvatiPredmete(GlavnaDatoteke.java:126)
	at hr.java.vjezbe.glavna.GlavnaDatoteke.main(GlavnaDatoteke.java:35)
2022-12-01 03:08:54,302 INFO [main] h.j.v.g.Glavna [GlavnaDatoteke.java:211] greska kod otvaranja ispiti.txt
java.io.FileNotFoundException: ispiti.txt (The system cannot find the file specified)
	at java.base/java.io.FileInputStream.open0(Native Method)
	at java.base/java.io.FileInputStream.open(FileInputStream.java:219)
	at java.base/java.io.FileInputStream.<init>(FileInputStream.java:158)
	at java.base/java.io.FileInputStream.<init>(FileInputStream.java:112)
	at java.base/java.io.FileReader.<init>(FileReader.java:60)
	at hr.java.vjezbe.glavna.GlavnaDatoteke.dohvatiIspite(GlavnaDatoteke.java:167)
	at hr.java.vjezbe.glavna.GlavnaDatoteke.main(GlavnaDatoteke.java:39)
2022-12-01 03:08:55,313 INFO [main] h.j.v.g.Glavna [GlavnaDatoteke.java:273] greska kod otvaranja ispiti.txt
java.io.FileNotFoundException: ustanove.txt (The system cannot find the file specified)
	at java.base/java.io.FileInputStream.open0(Native Method)
	at java.base/java.io.FileInputStream.open(FileInputStream.java:219)
	at java.base/java.io.FileInputStream.<init>(FileInputStream.java:158)
	at java.base/java.io.FileInputStream.<init>(FileInputStream.java:112)
	at java.base/java.io.FileReader.<init>(FileReader.java:60)
	at hr.java.vjezbe.glavna.GlavnaDatoteke.dohvatiObrazovneUstanove(GlavnaDatoteke.java:221)
	at hr.java.vjezbe.glavna.GlavnaDatoteke.main(GlavnaDatoteke.java:43)
2022-12-01 03:09:08,122 INFO [main] h.j.v.g.Glavna [GlavnaDatoteke.java:85] greska kod otvaranja predmeti.txt
java.io.FileNotFoundException: profesori.txt (The system cannot find the file specified)
	at java.base/java.io.FileInputStream.open0(Native Method)
	at java.base/java.io.FileInputStream.open(FileInputStream.java:219)
	at java.base/java.io.FileInputStream.<init>(FileInputStream.java:158)
	at java.base/java.io.FileInputStream.<init>(FileInputStream.java:112)
	at java.base/java.io.FileReader.<init>(FileReader.java:60)
	at hr.java.vjezbe.glavna.GlavnaDatoteke.dohvatiProfesore(GlavnaDatoteke.java:61)
	at hr.java.vjezbe.glavna.GlavnaDatoteke.main(GlavnaDatoteke.java:31)
2022-12-01 03:09:09,129 INFO [main] h.j.v.g.Glavna [GlavnaDatoteke.java:158] greska kod otvaranja predmeti.txt
java.io.FileNotFoundException: predmeti.txt (The system cannot find the file specified)
	at java.base/java.io.FileInputStream.open0(Native Method)
	at java.base/java.io.FileInputStream.open(FileInputStream.java:219)
	at java.base/java.io.FileInputStream.<init>(FileInputStream.java:158)
	at java.base/java.io.FileInputStream.<init>(FileInputStream.java:112)
	at java.base/java.io.FileReader.<init>(FileReader.java:60)
	at hr.java.vjezbe.glavna.GlavnaDatoteke.dohvatiPredmete(GlavnaDatoteke.java:126)
	at hr.java.vjezbe.glavna.GlavnaDatoteke.main(GlavnaDatoteke.java:35)
2022-12-01 03:09:10,140 INFO [main] h.j.v.g.Glavna [GlavnaDatoteke.java:211] greska kod otvaranja ispiti.txt
java.io.FileNotFoundException: ispiti.txt (The system cannot find the file specified)
	at java.base/java.io.FileInputStream.open0(Native Method)
	at java.base/java.io.FileInputStream.open(FileInputStream.java:219)
	at java.base/java.io.FileInputStream.<init>(FileInputStream.java:158)
	at java.base/java.io.FileInputStream.<init>(FileInputStream.java:112)
	at java.base/java.io.FileReader.<init>(FileReader.java:60)
	at hr.java.vjezbe.glavna.GlavnaDatoteke.dohvatiIspite(GlavnaDatoteke.java:167)
	at hr.java.vjezbe.glavna.GlavnaDatoteke.main(GlavnaDatoteke.java:39)
2022-12-01 03:09:11,144 INFO [main] h.j.v.g.Glavna [GlavnaDatoteke.java:273] greska kod otvaranja ispiti.txt
java.io.FileNotFoundException: ustanove.txt (The system cannot find the file specified)
	at java.base/java.io.FileInputStream.open0(Native Method)
	at java.base/java.io.FileInputStream.open(FileInputStream.java:219)
	at java.base/java.io.FileInputStream.<init>(FileInputStream.java:158)
	at java.base/java.io.FileInputStream.<init>(FileInputStream.java:112)
	at java.base/java.io.FileReader.<init>(FileReader.java:60)
	at hr.java.vjezbe.glavna.GlavnaDatoteke.dohvatiObrazovneUstanove(GlavnaDatoteke.java:221)
	at hr.java.vjezbe.glavna.GlavnaDatoteke.main(GlavnaDatoteke.java:43)
2022-12-01 03:09:52,430 INFO [main] h.j.v.g.Glavna [GlavnaDatoteke.java:85] greska kod otvaranja predmeti.txt
java.io.FileNotFoundException: profesori.txt (The system cannot find the file specified)
	at java.base/java.io.FileInputStream.open0(Native Method)
	at java.base/java.io.FileInputStream.open(FileInputStream.java:219)
	at java.base/java.io.FileInputStream.<init>(FileInputStream.java:158)
	at java.base/java.io.FileInputStream.<init>(FileInputStream.java:112)
	at java.base/java.io.FileReader.<init>(FileReader.java:60)
	at hr.java.vjezbe.glavna.GlavnaDatoteke.dohvatiProfesore(GlavnaDatoteke.java:61)
	at hr.java.vjezbe.glavna.GlavnaDatoteke.main(GlavnaDatoteke.java:31)
2022-12-01 03:12:48,804 INFO [main] h.j.v.g.Glavna [GlavnaDatoteke.java:85] greska kod otvaranja predmeti.txt
java.io.FileNotFoundException: profesori.txt (The system cannot find the file specified)
	at java.base/java.io.FileInputStream.open0(Native Method)
	at java.base/java.io.FileInputStream.open(FileInputStream.java:219)
	at java.base/java.io.FileInputStream.<init>(FileInputStream.java:158)
	at java.base/java.io.FileInputStream.<init>(FileInputStream.java:112)
	at java.base/java.io.FileReader.<init>(FileReader.java:60)
	at hr.java.vjezbe.glavna.GlavnaDatoteke.dohvatiProfesore(GlavnaDatoteke.java:61)
	at hr.java.vjezbe.glavna.GlavnaDatoteke.main(GlavnaDatoteke.java:31)
2022-12-01 03:14:35,354 INFO [main] h.j.v.g.Glavna [GlavnaDatoteke.java:85] greska kod otvaranja predmeti.txt
java.io.FileNotFoundException: profesori.txt (The system cannot find the file specified)
	at java.base/java.io.FileInputStream.open0(Native Method)
	at java.base/java.io.FileInputStream.open(FileInputStream.java:219)
	at java.base/java.io.FileInputStream.<init>(FileInputStream.java:158)
	at java.base/java.io.FileInputStream.<init>(FileInputStream.java:112)
	at java.base/java.io.FileReader.<init>(FileReader.java:60)
	at hr.java.vjezbe.glavna.GlavnaDatoteke.dohvatiProfesore(GlavnaDatoteke.java:61)
	at hr.java.vjezbe.glavna.GlavnaDatoteke.main(GlavnaDatoteke.java:31)
2022-12-01 03:15:17,382 INFO [main] h.j.v.g.Glavna [GlavnaDatoteke.java:85] greska kod otvaranja predmeti.txt
java.io.FileNotFoundException: profesori.txt (The system cannot find the file specified)
	at java.base/java.io.FileInputStream.open0(Native Method)
	at java.base/java.io.FileInputStream.open(FileInputStream.java:219)
	at java.base/java.io.FileInputStream.<init>(FileInputStream.java:158)
	at java.base/java.io.FileInputStream.<init>(FileInputStream.java:112)
	at java.base/java.io.FileReader.<init>(FileReader.java:60)
	at hr.java.vjezbe.glavna.GlavnaDatoteke.dohvatiProfesore(GlavnaDatoteke.java:61)
	at hr.java.vjezbe.glavna.GlavnaDatoteke.main(GlavnaDatoteke.java:31)
2022-12-01 03:18:45,022 INFO [main] h.j.v.g.Glavna [GlavnaDatoteke.java:85] greska kod otvaranja predmeti.txt
java.io.FileNotFoundException: profesori.txt (The system cannot find the file specified)
	at java.base/java.io.FileInputStream.open0(Native Method)
	at java.base/java.io.FileInputStream.open(FileInputStream.java:219)
	at java.base/java.io.FileInputStream.<init>(FileInputStream.java:158)
	at java.base/java.io.FileInputStream.<init>(FileInputStream.java:112)
	at java.base/java.io.FileReader.<init>(FileReader.java:60)
	at hr.java.vjezbe.glavna.GlavnaDatoteke.dohvatiProfesore(GlavnaDatoteke.java:61)
	at hr.java.vjezbe.glavna.GlavnaDatoteke.main(GlavnaDatoteke.java:31)
2022-12-01 03:19:54,767 INFO [main] h.j.v.g.Glavna [GlavnaDatoteke.java:85] greska kod otvaranja predmeti.txt
java.io.FileNotFoundException: profesori.txt (The system cannot find the file specified)
	at java.base/java.io.FileInputStream.open0(Native Method)
	at java.base/java.io.FileInputStream.open(FileInputStream.java:219)
	at java.base/java.io.FileInputStream.<init>(FileInputStream.java:158)
	at java.base/java.io.FileInputStream.<init>(FileInputStream.java:112)
	at java.base/java.io.FileReader.<init>(FileReader.java:60)
	at hr.java.vjezbe.glavna.GlavnaDatoteke.dohvatiProfesore(GlavnaDatoteke.java:61)
	at hr.java.vjezbe.glavna.GlavnaDatoteke.main(GlavnaDatoteke.java:31)
2022-12-01 03:20:15,345 INFO [main] h.j.v.g.Glavna [GlavnaDatoteke.java:85] greska kod otvaranja predmeti.txt
java.io.FileNotFoundException: profesori.txt (The system cannot find the file specified)
	at java.base/java.io.FileInputStream.open0(Native Method)
	at java.base/java.io.FileInputStream.open(FileInputStream.java:219)
	at java.base/java.io.FileInputStream.<init>(FileInputStream.java:158)
	at java.base/java.io.FileInputStream.<init>(FileInputStream.java:112)
	at java.base/java.io.FileReader.<init>(FileReader.java:60)
	at hr.java.vjezbe.glavna.GlavnaDatoteke.dohvatiProfesore(GlavnaDatoteke.java:61)
	at hr.java.vjezbe.glavna.GlavnaDatoteke.main(GlavnaDatoteke.java:31)
2022-12-01 03:20:20,428 INFO [main] h.j.v.g.Glavna [GlavnaDatoteke.java:85] greska kod otvaranja predmeti.txt
java.io.FileNotFoundException: profesori.txt (The system cannot find the file specified)
	at java.base/java.io.FileInputStream.open0(Native Method)
	at java.base/java.io.FileInputStream.open(FileInputStream.java:219)
	at java.base/java.io.FileInputStream.<init>(FileInputStream.java:158)
	at java.base/java.io.FileInputStream.<init>(FileInputStream.java:112)
	at java.base/java.io.FileReader.<init>(FileReader.java:60)
	at hr.java.vjezbe.glavna.GlavnaDatoteke.dohvatiProfesore(GlavnaDatoteke.java:61)
	at hr.java.vjezbe.glavna.GlavnaDatoteke.main(GlavnaDatoteke.java:31)
2022-12-01 03:20:25,809 INFO [main] h.j.v.g.Glavna [GlavnaDatoteke.java:85] greska kod otvaranja predmeti.txt
java.io.FileNotFoundException: profesori.txt (The system cannot find the file specified)
	at java.base/java.io.FileInputStream.open0(Native Method)
	at java.base/java.io.FileInputStream.open(FileInputStream.java:219)
	at java.base/java.io.FileInputStream.<init>(FileInputStream.java:158)
	at java.base/java.io.FileInputStream.<init>(FileInputStream.java:112)
	at java.base/java.io.FileReader.<init>(FileReader.java:60)
	at hr.java.vjezbe.glavna.GlavnaDatoteke.dohvatiProfesore(GlavnaDatoteke.java:61)
	at hr.java.vjezbe.glavna.GlavnaDatoteke.main(GlavnaDatoteke.java:31)
2022-12-01 03:20:36,293 INFO [main] h.j.v.g.Glavna [GlavnaDatoteke.java:85] greska kod otvaranja predmeti.txt
java.io.FileNotFoundException: profesori.txt (The system cannot find the file specified)
	at java.base/java.io.FileInputStream.open0(Native Method)
	at java.base/java.io.FileInputStream.open(FileInputStream.java:219)
	at java.base/java.io.FileInputStream.<init>(FileInputStream.java:158)
	at java.base/java.io.FileInputStream.<init>(FileInputStream.java:112)
	at java.base/java.io.FileReader.<init>(FileReader.java:60)
	at hr.java.vjezbe.glavna.GlavnaDatoteke.dohvatiProfesore(GlavnaDatoteke.java:61)
	at hr.java.vjezbe.glavna.GlavnaDatoteke.main(GlavnaDatoteke.java:31)
2022-12-01 03:21:14,440 INFO [main] h.j.v.g.Glavna [GlavnaDatoteke.java:85] greska kod otvaranja predmeti.txt
java.io.FileNotFoundException: profesori.txt (The system cannot find the file specified)
	at java.base/java.io.FileInputStream.open0(Native Method)
	at java.base/java.io.FileInputStream.open(FileInputStream.java:219)
	at java.base/java.io.FileInputStream.<init>(FileInputStream.java:158)
	at java.base/java.io.FileInputStream.<init>(FileInputStream.java:112)
	at java.base/java.io.FileReader.<init>(FileReader.java:60)
	at hr.java.vjezbe.glavna.GlavnaDatoteke.dohvatiProfesore(GlavnaDatoteke.java:61)
	at hr.java.vjezbe.glavna.GlavnaDatoteke.main(GlavnaDatoteke.java:31)
2022-12-01 03:21:15,801 INFO [main] h.j.v.g.Glavna [GlavnaDatoteke.java:85] greska kod otvaranja predmeti.txt
java.io.FileNotFoundException: profesori.txt (The system cannot find the file specified)
	at java.base/java.io.FileInputStream.open0(Native Method)
	at java.base/java.io.FileInputStream.open(FileInputStream.java:219)
	at java.base/java.io.FileInputStream.<init>(FileInputStream.java:158)
	at java.base/java.io.FileInputStream.<init>(FileInputStream.java:112)
	at java.base/java.io.FileReader.<init>(FileReader.java:60)
	at hr.java.vjezbe.glavna.GlavnaDatoteke.dohvatiProfesore(GlavnaDatoteke.java:61)
	at hr.java.vjezbe.glavna.GlavnaDatoteke.main(GlavnaDatoteke.java:31)
2022-12-01 03:21:21,656 INFO [main] h.j.v.g.Glavna [GlavnaDatoteke.java:85] greska kod otvaranja predmeti.txt
java.io.FileNotFoundException: profesori.txt (The system cannot find the file specified)
	at java.base/java.io.FileInputStream.open0(Native Method)
	at java.base/java.io.FileInputStream.open(FileInputStream.java:219)
	at java.base/java.io.FileInputStream.<init>(FileInputStream.java:158)
	at java.base/java.io.FileInputStream.<init>(FileInputStream.java:112)
	at java.base/java.io.FileReader.<init>(FileReader.java:60)
	at hr.java.vjezbe.glavna.GlavnaDatoteke.dohvatiProfesore(GlavnaDatoteke.java:61)
	at hr.java.vjezbe.glavna.GlavnaDatoteke.main(GlavnaDatoteke.java:31)
2022-12-01 03:25:56,815 INFO [main] h.j.v.g.Glavna [GlavnaDatoteke.java:85] greska kod otvaranja predmeti.txt
java.io.FileNotFoundException: profesori.txt (The system cannot find the file specified)
	at java.base/java.io.FileInputStream.open0(Native Method)
	at java.base/java.io.FileInputStream.open(FileInputStream.java:219)
	at java.base/java.io.FileInputStream.<init>(FileInputStream.java:158)
	at java.base/java.io.FileInputStream.<init>(FileInputStream.java:112)
	at java.base/java.io.FileReader.<init>(FileReader.java:60)
	at hr.java.vjezbe.glavna.GlavnaDatoteke.dohvatiProfesore(GlavnaDatoteke.java:61)
	at hr.java.vjezbe.glavna.GlavnaDatoteke.main(GlavnaDatoteke.java:31)
2022-12-01 03:30:31,562 INFO [main] h.j.v.g.Glavna [GlavnaDatoteke.java:85] greska kod otvaranja predmeti.txt
java.io.FileNotFoundException: profesori.txt (The system cannot find the file specified)
	at java.base/java.io.FileInputStream.open0(Native Method)
	at java.base/java.io.FileInputStream.open(FileInputStream.java:219)
	at java.base/java.io.FileInputStream.<init>(FileInputStream.java:158)
	at java.base/java.io.FileInputStream.<init>(FileInputStream.java:112)
	at java.base/java.io.FileReader.<init>(FileReader.java:60)
	at hr.java.vjezbe.glavna.GlavnaDatoteke.dohvatiProfesore(GlavnaDatoteke.java:61)
	at hr.java.vjezbe.glavna.GlavnaDatoteke.main(GlavnaDatoteke.java:31)
2022-12-01 03:31:30,399 INFO [main] h.j.v.g.Glavna [GlavnaDatoteke.java:85] greska kod otvaranja predmeti.txt
java.io.FileNotFoundException: profesori.txt (The system cannot find the file specified)
	at java.base/java.io.FileInputStream.open0(Native Method)
	at java.base/java.io.FileInputStream.open(FileInputStream.java:219)
	at java.base/java.io.FileInputStream.<init>(FileInputStream.java:158)
	at java.base/java.io.FileInputStream.<init>(FileInputStream.java:112)
	at java.base/java.io.FileReader.<init>(FileReader.java:60)
	at hr.java.vjezbe.glavna.GlavnaDatoteke.dohvatiProfesore(GlavnaDatoteke.java:61)
	at hr.java.vjezbe.glavna.GlavnaDatoteke.main(GlavnaDatoteke.java:31)
2022-12-01 03:31:38,205 INFO [main] h.j.v.g.Glavna [GlavnaDatoteke.java:85] greska kod otvaranja predmeti.txt
java.io.FileNotFoundException: profesori.txt (The system cannot find the file specified)
	at java.base/java.io.FileInputStream.open0(Native Method)
	at java.base/java.io.FileInputStream.open(FileInputStream.java:219)
	at java.base/java.io.FileInputStream.<init>(FileInputStream.java:158)
	at java.base/java.io.FileInputStream.<init>(FileInputStream.java:112)
	at java.base/java.io.FileReader.<init>(FileReader.java:60)
	at hr.java.vjezbe.glavna.GlavnaDatoteke.dohvatiProfesore(GlavnaDatoteke.java:61)
	at hr.java.vjezbe.glavna.GlavnaDatoteke.main(GlavnaDatoteke.java:31)
2022-12-01 11:48:13,503 INFO [main] h.j.v.g.Glavna [GlavnaDatoteke.java:85] greska kod otvaranja predmeti.txt
java.io.FileNotFoundException: profesori.txt (The system cannot find the file specified)
	at java.base/java.io.FileInputStream.open0(Native Method)
	at java.base/java.io.FileInputStream.open(FileInputStream.java:219)
	at java.base/java.io.FileInputStream.<init>(FileInputStream.java:158)
	at java.base/java.io.FileInputStream.<init>(FileInputStream.java:112)
	at java.base/java.io.FileReader.<init>(FileReader.java:60)
	at hr.java.vjezbe.glavna.GlavnaDatoteke.dohvatiProfesore(GlavnaDatoteke.java:61)
	at hr.java.vjezbe.glavna.GlavnaDatoteke.main(GlavnaDatoteke.java:31)
2022-12-01 11:50:43,142 INFO [main] h.j.v.g.Glavna [GlavnaDatoteke.java:85] greska kod otvaranja predmeti.txt
java.io.FileNotFoundException: profesori.txt (The system cannot find the file specified)
	at java.base/java.io.FileInputStream.open0(Native Method)
	at java.base/java.io.FileInputStream.open(FileInputStream.java:219)
	at java.base/java.io.FileInputStream.<init>(FileInputStream.java:158)
	at java.base/java.io.FileInputStream.<init>(FileInputStream.java:112)
	at java.base/java.io.FileReader.<init>(FileReader.java:60)
	at hr.java.vjezbe.glavna.GlavnaDatoteke.dohvatiProfesore(GlavnaDatoteke.java:61)
	at hr.java.vjezbe.glavna.GlavnaDatoteke.main(GlavnaDatoteke.java:31)
2022-12-01 11:53:07,140 INFO [main] h.j.v.g.Glavna [GlavnaDatoteke.java:85] greska kod otvaranja predmeti.txt
java.io.FileNotFoundException: profesori.txt (The system cannot find the file specified)
	at java.base/java.io.FileInputStream.open0(Native Method)
	at java.base/java.io.FileInputStream.open(FileInputStream.java:219)
	at java.base/java.io.FileInputStream.<init>(FileInputStream.java:158)
	at java.base/java.io.FileInputStream.<init>(FileInputStream.java:112)
	at java.base/java.io.FileReader.<init>(FileReader.java:60)
	at hr.java.vjezbe.glavna.GlavnaDatoteke.dohvatiProfesore(GlavnaDatoteke.java:61)
	at hr.java.vjezbe.glavna.GlavnaDatoteke.main(GlavnaDatoteke.java:31)
2022-12-01 13:16:59,156 INFO [main] h.j.v.g.Glavna [GlavnaDatoteke.java:347] Student nije pisao niti jedan ispit
hr.java.vjezbe.iznimke.NemoguceOdreditiProsjekStudentaException: Student nije pisao niti jedan ispit
	at hr.java.vjezbe.entitet.Visokoskolska.odrediProsjekOcjenaNaIspitima(Visokoskolska.java:29)
	at hr.java.vjezbe.glavna.GlavnaDatoteke.podaciZaFakultetRacunalstva(GlavnaDatoteke.java:330)
	at hr.java.vjezbe.glavna.GlavnaDatoteke.ispisPodatakaIzSveucilista(GlavnaDatoteke.java:318)
	at hr.java.vjezbe.glavna.GlavnaDatoteke.main(GlavnaDatoteke.java:47)
2022-12-01 13:16:59,162 INFO [main] h.j.v.g.Glavna [FakultetRacunarstva.java:100] Student nije pisao niti jedan ispit
hr.java.vjezbe.iznimke.NemoguceOdreditiProsjekStudentaException: Student nije pisao niti jedan ispit
	at hr.java.vjezbe.entitet.Visokoskolska.odrediProsjekOcjenaNaIspitima(Visokoskolska.java:29)
	at hr.java.vjezbe.entitet.FakultetRacunarstva.odrediStudentaZaRektorovuNagradu(FakultetRacunarstva.java:84)
	at hr.java.vjezbe.glavna.GlavnaDatoteke.podaciZaFakultetRacunalstva(GlavnaDatoteke.java:360)
	at hr.java.vjezbe.glavna.GlavnaDatoteke.ispisPodatakaIzSveucilista(GlavnaDatoteke.java:318)
	at hr.java.vjezbe.glavna.GlavnaDatoteke.main(GlavnaDatoteke.java:47)
2022-12-01 13:16:59,164 INFO [main] h.j.v.g.Glavna [GlavnaDatoteke.java:392] Student nije pisao niti jedan ispit
hr.java.vjezbe.iznimke.NemoguceOdreditiProsjekStudentaException: Student nije pisao niti jedan ispit
	at hr.java.vjezbe.entitet.Visokoskolska.odrediProsjekOcjenaNaIspitima(Visokoskolska.java:29)
	at hr.java.vjezbe.glavna.GlavnaDatoteke.podaciZaVeleucilisteJave(GlavnaDatoteke.java:375)
	at hr.java.vjezbe.glavna.GlavnaDatoteke.ispisPodatakaIzSveucilista(GlavnaDatoteke.java:315)
	at hr.java.vjezbe.glavna.GlavnaDatoteke.main(GlavnaDatoteke.java:47)
2022-12-01 13:16:59,165 INFO [main] h.j.v.g.Glavna [VeleucilisteJave.java:49] Metoda OdradiNajuspjesnijegStudenta u klasi Veleucilistejave naisao na studenta s ocjenom 1.
hr.java.vjezbe.iznimke.NemoguceOdreditiProsjekStudentaException: Student nije pisao niti jedan ispit
	at hr.java.vjezbe.entitet.Visokoskolska.odrediProsjekOcjenaNaIspitima(Visokoskolska.java:29)
	at hr.java.vjezbe.entitet.VeleucilisteJave.odrediNajuspjesnijegStudentaNaGodini(VeleucilisteJave.java:43)
	at hr.java.vjezbe.glavna.GlavnaDatoteke.podaciZaVeleucilisteJave(GlavnaDatoteke.java:397)
	at hr.java.vjezbe.glavna.GlavnaDatoteke.ispisPodatakaIzSveucilista(GlavnaDatoteke.java:315)
	at hr.java.vjezbe.glavna.GlavnaDatoteke.main(GlavnaDatoteke.java:47)
2022-12-01 13:23:14,549 INFO [main] h.j.v.g.Glavna [GlavnaDatoteke.java:352] Student nije pisao niti jedan ispit
hr.java.vjezbe.iznimke.NemaIspitaZaStudentaException: Student nije pisao niti jedan ispit
	at hr.java.vjezbe.entitet.Visokoskolska.odrediProsjekOcjenaNaIspitima(Visokoskolska.java:30)
	at hr.java.vjezbe.glavna.GlavnaDatoteke.podaciZaFakultetRacunalstva(GlavnaDatoteke.java:331)
	at hr.java.vjezbe.glavna.GlavnaDatoteke.ispisPodatakaIzSveucilista(GlavnaDatoteke.java:319)
	at hr.java.vjezbe.glavna.GlavnaDatoteke.main(GlavnaDatoteke.java:48)
2022-12-01 13:23:14,555 INFO [main] h.j.v.g.Glavna [FakultetRacunarstva.java:101] Student nije pisao niti jedan ispit
hr.java.vjezbe.iznimke.NemaIspitaZaStudentaException: Student nije pisao niti jedan ispit
	at hr.java.vjezbe.entitet.Visokoskolska.odrediProsjekOcjenaNaIspitima(Visokoskolska.java:30)
	at hr.java.vjezbe.entitet.FakultetRacunarstva.odrediStudentaZaRektorovuNagradu(FakultetRacunarstva.java:85)
	at hr.java.vjezbe.glavna.GlavnaDatoteke.podaciZaFakultetRacunalstva(GlavnaDatoteke.java:364)
	at hr.java.vjezbe.glavna.GlavnaDatoteke.ispisPodatakaIzSveucilista(GlavnaDatoteke.java:319)
	at hr.java.vjezbe.glavna.GlavnaDatoteke.main(GlavnaDatoteke.java:48)
2022-12-01 13:23:14,557 INFO [main] h.j.v.g.Glavna [GlavnaDatoteke.java:399] Student nije pisao niti jedan ispit
hr.java.vjezbe.iznimke.NemaIspitaZaStudentaException: Student nije pisao niti jedan ispit
	at hr.java.vjezbe.entitet.Visokoskolska.odrediProsjekOcjenaNaIspitima(Visokoskolska.java:30)
	at hr.java.vjezbe.glavna.GlavnaDatoteke.podaciZaVeleucilisteJave(GlavnaDatoteke.java:379)
	at hr.java.vjezbe.glavna.GlavnaDatoteke.ispisPodatakaIzSveucilista(GlavnaDatoteke.java:316)
	at hr.java.vjezbe.glavna.GlavnaDatoteke.main(GlavnaDatoteke.java:48)
2022-12-01 13:23:14,557 INFO [main] h.j.v.g.Glavna [VeleucilisteJave.java:53] Metoda OdradiNajuspjesnijegStudenta u klasi Veleucilistejave naisao na studenta koji nema ispita
hr.java.vjezbe.iznimke.NemaIspitaZaStudentaException: Student nije pisao niti jedan ispit
	at hr.java.vjezbe.entitet.Visokoskolska.odrediProsjekOcjenaNaIspitima(Visokoskolska.java:30)
	at hr.java.vjezbe.entitet.VeleucilisteJave.odrediNajuspjesnijegStudentaNaGodini(VeleucilisteJave.java:44)
	at hr.java.vjezbe.glavna.GlavnaDatoteke.podaciZaVeleucilisteJave(GlavnaDatoteke.java:403)
	at hr.java.vjezbe.glavna.GlavnaDatoteke.ispisPodatakaIzSveucilista(GlavnaDatoteke.java:316)
	at hr.java.vjezbe.glavna.GlavnaDatoteke.main(GlavnaDatoteke.java:48)
2022-12-01 13:24:20,909 INFO [main] h.j.v.g.Glavna [GlavnaDatoteke.java:350] Student nije pisao niti jedan ispit
hr.java.vjezbe.iznimke.NemaIspitaZaStudentaException: Student nije pisao niti jedan ispit
	at hr.java.vjezbe.entitet.Visokoskolska.odrediProsjekOcjenaNaIspitima(Visokoskolska.java:30)
	at hr.java.vjezbe.glavna.GlavnaDatoteke.podaciZaFakultetRacunalstva(GlavnaDatoteke.java:331)
	at hr.java.vjezbe.glavna.GlavnaDatoteke.ispisPodatakaIzSveucilista(GlavnaDatoteke.java:319)
	at hr.java.vjezbe.glavna.GlavnaDatoteke.main(GlavnaDatoteke.java:48)
2022-12-01 13:24:20,915 INFO [main] h.j.v.g.Glavna [FakultetRacunarstva.java:101] Student nije pisao niti jedan ispit
hr.java.vjezbe.iznimke.NemaIspitaZaStudentaException: Student nije pisao niti jedan ispit
	at hr.java.vjezbe.entitet.Visokoskolska.odrediProsjekOcjenaNaIspitima(Visokoskolska.java:30)
	at hr.java.vjezbe.entitet.FakultetRacunarstva.odrediStudentaZaRektorovuNagradu(FakultetRacunarstva.java:85)
	at hr.java.vjezbe.glavna.GlavnaDatoteke.podaciZaFakultetRacunalstva(GlavnaDatoteke.java:362)
	at hr.java.vjezbe.glavna.GlavnaDatoteke.ispisPodatakaIzSveucilista(GlavnaDatoteke.java:319)
	at hr.java.vjezbe.glavna.GlavnaDatoteke.main(GlavnaDatoteke.java:48)
2022-12-01 13:24:20,916 INFO [main] h.j.v.g.Glavna [GlavnaDatoteke.java:397] Student nije pisao niti jedan ispit
hr.java.vjezbe.iznimke.NemaIspitaZaStudentaException: Student nije pisao niti jedan ispit
	at hr.java.vjezbe.entitet.Visokoskolska.odrediProsjekOcjenaNaIspitima(Visokoskolska.java:30)
	at hr.java.vjezbe.glavna.GlavnaDatoteke.podaciZaVeleucilisteJave(GlavnaDatoteke.java:377)
	at hr.java.vjezbe.glavna.GlavnaDatoteke.ispisPodatakaIzSveucilista(GlavnaDatoteke.java:316)
	at hr.java.vjezbe.glavna.GlavnaDatoteke.main(GlavnaDatoteke.java:48)
2022-12-01 13:24:20,917 INFO [main] h.j.v.g.Glavna [VeleucilisteJave.java:53] Metoda OdradiNajuspjesnijegStudenta u klasi Veleucilistejave naisao na studenta koji nema ispita
hr.java.vjezbe.iznimke.NemaIspitaZaStudentaException: Student nije pisao niti jedan ispit
	at hr.java.vjezbe.entitet.Visokoskolska.odrediProsjekOcjenaNaIspitima(Visokoskolska.java:30)
	at hr.java.vjezbe.entitet.VeleucilisteJave.odrediNajuspjesnijegStudentaNaGodini(VeleucilisteJave.java:44)
	at hr.java.vjezbe.glavna.GlavnaDatoteke.podaciZaVeleucilisteJave(GlavnaDatoteke.java:401)
	at hr.java.vjezbe.glavna.GlavnaDatoteke.ispisPodatakaIzSveucilista(GlavnaDatoteke.java:316)
	at hr.java.vjezbe.glavna.GlavnaDatoteke.main(GlavnaDatoteke.java:48)
2022-12-01 13:25:42,818 INFO [main] h.j.v.g.Glavna [GlavnaDatoteke.java:350] Student nije pisao niti jedan ispit
hr.java.vjezbe.iznimke.NemaIspitaZaStudentaException: Student nije pisao niti jedan ispit
	at hr.java.vjezbe.entitet.Visokoskolska.odrediProsjekOcjenaNaIspitima(Visokoskolska.java:30)
	at hr.java.vjezbe.glavna.GlavnaDatoteke.podaciZaFakultetRacunalstva(GlavnaDatoteke.java:331)
	at hr.java.vjezbe.glavna.GlavnaDatoteke.ispisPodatakaIzSveucilista(GlavnaDatoteke.java:319)
	at hr.java.vjezbe.glavna.GlavnaDatoteke.main(GlavnaDatoteke.java:48)
2022-12-01 13:25:42,823 INFO [main] h.j.v.g.Glavna [FakultetRacunarstva.java:101] Student nije pisao niti jedan ispit
hr.java.vjezbe.iznimke.NemaIspitaZaStudentaException: Student nije pisao niti jedan ispit
	at hr.java.vjezbe.entitet.Visokoskolska.odrediProsjekOcjenaNaIspitima(Visokoskolska.java:30)
	at hr.java.vjezbe.entitet.FakultetRacunarstva.odrediStudentaZaRektorovuNagradu(FakultetRacunarstva.java:85)
	at hr.java.vjezbe.glavna.GlavnaDatoteke.podaciZaFakultetRacunalstva(GlavnaDatoteke.java:362)
	at hr.java.vjezbe.glavna.GlavnaDatoteke.ispisPodatakaIzSveucilista(GlavnaDatoteke.java:319)
	at hr.java.vjezbe.glavna.GlavnaDatoteke.main(GlavnaDatoteke.java:48)
2022-12-01 13:25:42,825 INFO [main] h.j.v.g.Glavna [GlavnaDatoteke.java:397] Student nije pisao niti jedan ispit
hr.java.vjezbe.iznimke.NemaIspitaZaStudentaException: Student nije pisao niti jedan ispit
	at hr.java.vjezbe.entitet.Visokoskolska.odrediProsjekOcjenaNaIspitima(Visokoskolska.java:30)
	at hr.java.vjezbe.glavna.GlavnaDatoteke.podaciZaVeleucilisteJave(GlavnaDatoteke.java:377)
	at hr.java.vjezbe.glavna.GlavnaDatoteke.ispisPodatakaIzSveucilista(GlavnaDatoteke.java:316)
	at hr.java.vjezbe.glavna.GlavnaDatoteke.main(GlavnaDatoteke.java:48)
2022-12-01 13:25:42,825 INFO [main] h.j.v.g.Glavna [VeleucilisteJave.java:53] Metoda OdradiNajuspjesnijegStudenta u klasi Veleucilistejave naisao na studenta koji nema ispita
hr.java.vjezbe.iznimke.NemaIspitaZaStudentaException: Student nije pisao niti jedan ispit
	at hr.java.vjezbe.entitet.Visokoskolska.odrediProsjekOcjenaNaIspitima(Visokoskolska.java:30)
	at hr.java.vjezbe.entitet.VeleucilisteJave.odrediNajuspjesnijegStudentaNaGodini(VeleucilisteJave.java:44)
	at hr.java.vjezbe.glavna.GlavnaDatoteke.podaciZaVeleucilisteJave(GlavnaDatoteke.java:401)
	at hr.java.vjezbe.glavna.GlavnaDatoteke.ispisPodatakaIzSveucilista(GlavnaDatoteke.java:316)
	at hr.java.vjezbe.glavna.GlavnaDatoteke.main(GlavnaDatoteke.java:48)
2022-12-01 13:26:19,782 INFO [main] h.j.v.g.Glavna [GlavnaDatoteke.java:350] Student nije pisao niti jedan ispit
hr.java.vjezbe.iznimke.NemaIspitaZaStudentaException: Student nije pisao niti jedan ispit
	at hr.java.vjezbe.entitet.Visokoskolska.odrediProsjekOcjenaNaIspitima(Visokoskolska.java:30)
	at hr.java.vjezbe.glavna.GlavnaDatoteke.podaciZaFakultetRacunalstva(GlavnaDatoteke.java:331)
	at hr.java.vjezbe.glavna.GlavnaDatoteke.ispisPodatakaIzSveucilista(GlavnaDatoteke.java:319)
	at hr.java.vjezbe.glavna.GlavnaDatoteke.main(GlavnaDatoteke.java:48)
2022-12-01 13:26:19,788 INFO [main] h.j.v.g.Glavna [FakultetRacunarstva.java:101] Student nije pisao niti jedan ispit
hr.java.vjezbe.iznimke.NemaIspitaZaStudentaException: Student nije pisao niti jedan ispit
	at hr.java.vjezbe.entitet.Visokoskolska.odrediProsjekOcjenaNaIspitima(Visokoskolska.java:30)
	at hr.java.vjezbe.entitet.FakultetRacunarstva.odrediStudentaZaRektorovuNagradu(FakultetRacunarstva.java:85)
	at hr.java.vjezbe.glavna.GlavnaDatoteke.podaciZaFakultetRacunalstva(GlavnaDatoteke.java:362)
	at hr.java.vjezbe.glavna.GlavnaDatoteke.ispisPodatakaIzSveucilista(GlavnaDatoteke.java:319)
	at hr.java.vjezbe.glavna.GlavnaDatoteke.main(GlavnaDatoteke.java:48)
2022-12-01 13:26:19,789 INFO [main] h.j.v.g.Glavna [GlavnaDatoteke.java:397] Student nije pisao niti jedan ispit
hr.java.vjezbe.iznimke.NemaIspitaZaStudentaException: Student nije pisao niti jedan ispit
	at hr.java.vjezbe.entitet.Visokoskolska.odrediProsjekOcjenaNaIspitima(Visokoskolska.java:30)
	at hr.java.vjezbe.glavna.GlavnaDatoteke.podaciZaVeleucilisteJave(GlavnaDatoteke.java:377)
	at hr.java.vjezbe.glavna.GlavnaDatoteke.ispisPodatakaIzSveucilista(GlavnaDatoteke.java:316)
	at hr.java.vjezbe.glavna.GlavnaDatoteke.main(GlavnaDatoteke.java:48)
2022-12-01 13:26:19,790 INFO [main] h.j.v.g.Glavna [VeleucilisteJave.java:53] Metoda OdradiNajuspjesnijegStudenta u klasi Veleucilistejave naisao na studenta koji nema ispita
hr.java.vjezbe.iznimke.NemaIspitaZaStudentaException: Student nije pisao niti jedan ispit
	at hr.java.vjezbe.entitet.Visokoskolska.odrediProsjekOcjenaNaIspitima(Visokoskolska.java:30)
	at hr.java.vjezbe.entitet.VeleucilisteJave.odrediNajuspjesnijegStudentaNaGodini(VeleucilisteJave.java:44)
	at hr.java.vjezbe.glavna.GlavnaDatoteke.podaciZaVeleucilisteJave(GlavnaDatoteke.java:401)
	at hr.java.vjezbe.glavna.GlavnaDatoteke.ispisPodatakaIzSveucilista(GlavnaDatoteke.java:316)
	at hr.java.vjezbe.glavna.GlavnaDatoteke.main(GlavnaDatoteke.java:48)
2022-12-01 13:26:59,032 INFO [main] h.j.v.g.Glavna [GlavnaDatoteke.java:350] Student nije pisao niti jedan ispit
hr.java.vjezbe.iznimke.NemaIspitaZaStudentaException: Student nije pisao niti jedan ispit
	at hr.java.vjezbe.entitet.Visokoskolska.odrediProsjekOcjenaNaIspitima(Visokoskolska.java:30)
	at hr.java.vjezbe.glavna.GlavnaDatoteke.podaciZaFakultetRacunalstva(GlavnaDatoteke.java:331)
	at hr.java.vjezbe.glavna.GlavnaDatoteke.ispisPodatakaIzSveucilista(GlavnaDatoteke.java:319)
	at hr.java.vjezbe.glavna.GlavnaDatoteke.main(GlavnaDatoteke.java:48)
2022-12-01 13:26:59,038 INFO [main] h.j.v.g.Glavna [FakultetRacunarstva.java:101] Student nije pisao niti jedan ispit
hr.java.vjezbe.iznimke.NemaIspitaZaStudentaException: Student nije pisao niti jedan ispit
	at hr.java.vjezbe.entitet.Visokoskolska.odrediProsjekOcjenaNaIspitima(Visokoskolska.java:30)
	at hr.java.vjezbe.entitet.FakultetRacunarstva.odrediStudentaZaRektorovuNagradu(FakultetRacunarstva.java:85)
	at hr.java.vjezbe.glavna.GlavnaDatoteke.podaciZaFakultetRacunalstva(GlavnaDatoteke.java:362)
	at hr.java.vjezbe.glavna.GlavnaDatoteke.ispisPodatakaIzSveucilista(GlavnaDatoteke.java:319)
	at hr.java.vjezbe.glavna.GlavnaDatoteke.main(GlavnaDatoteke.java:48)
2022-12-01 13:26:59,039 INFO [main] h.j.v.g.Glavna [GlavnaDatoteke.java:397] Student nije pisao niti jedan ispit
hr.java.vjezbe.iznimke.NemaIspitaZaStudentaException: Student nije pisao niti jedan ispit
	at hr.java.vjezbe.entitet.Visokoskolska.odrediProsjekOcjenaNaIspitima(Visokoskolska.java:30)
	at hr.java.vjezbe.glavna.GlavnaDatoteke.podaciZaVeleucilisteJave(GlavnaDatoteke.java:377)
	at hr.java.vjezbe.glavna.GlavnaDatoteke.ispisPodatakaIzSveucilista(GlavnaDatoteke.java:316)
	at hr.java.vjezbe.glavna.GlavnaDatoteke.main(GlavnaDatoteke.java:48)
2022-12-01 13:26:59,040 INFO [main] h.j.v.g.Glavna [VeleucilisteJave.java:53] Metoda OdradiNajuspjesnijegStudenta u klasi Veleucilistejave naisao na studenta koji nema ispita
hr.java.vjezbe.iznimke.NemaIspitaZaStudentaException: Student nije pisao niti jedan ispit
	at hr.java.vjezbe.entitet.Visokoskolska.odrediProsjekOcjenaNaIspitima(Visokoskolska.java:30)
	at hr.java.vjezbe.entitet.VeleucilisteJave.odrediNajuspjesnijegStudentaNaGodini(VeleucilisteJave.java:44)
	at hr.java.vjezbe.glavna.GlavnaDatoteke.podaciZaVeleucilisteJave(GlavnaDatoteke.java:401)
	at hr.java.vjezbe.glavna.GlavnaDatoteke.ispisPodatakaIzSveucilista(GlavnaDatoteke.java:316)
	at hr.java.vjezbe.glavna.GlavnaDatoteke.main(GlavnaDatoteke.java:48)
2022-12-01 13:27:42,510 INFO [main] h.j.v.g.Glavna [GlavnaDatoteke.java:350] Student nije pisao niti jedan ispit
hr.java.vjezbe.iznimke.NemaIspitaZaStudentaException: Student nije pisao niti jedan ispit
	at hr.java.vjezbe.entitet.Visokoskolska.odrediProsjekOcjenaNaIspitima(Visokoskolska.java:30)
	at hr.java.vjezbe.glavna.GlavnaDatoteke.podaciZaFakultetRacunalstva(GlavnaDatoteke.java:331)
	at hr.java.vjezbe.glavna.GlavnaDatoteke.ispisPodatakaIzSveucilista(GlavnaDatoteke.java:319)
	at hr.java.vjezbe.glavna.GlavnaDatoteke.main(GlavnaDatoteke.java:48)
2022-12-01 13:27:42,516 INFO [main] h.j.v.g.Glavna [FakultetRacunarstva.java:101] Student nije pisao niti jedan ispit
hr.java.vjezbe.iznimke.NemaIspitaZaStudentaException: Student nije pisao niti jedan ispit
	at hr.java.vjezbe.entitet.Visokoskolska.odrediProsjekOcjenaNaIspitima(Visokoskolska.java:30)
	at hr.java.vjezbe.entitet.FakultetRacunarstva.odrediStudentaZaRektorovuNagradu(FakultetRacunarstva.java:85)
	at hr.java.vjezbe.glavna.GlavnaDatoteke.podaciZaFakultetRacunalstva(GlavnaDatoteke.java:362)
	at hr.java.vjezbe.glavna.GlavnaDatoteke.ispisPodatakaIzSveucilista(GlavnaDatoteke.java:319)
	at hr.java.vjezbe.glavna.GlavnaDatoteke.main(GlavnaDatoteke.java:48)
2022-12-01 13:27:42,517 INFO [main] h.j.v.g.Glavna [GlavnaDatoteke.java:397] Student nije pisao niti jedan ispit
hr.java.vjezbe.iznimke.NemaIspitaZaStudentaException: Student nije pisao niti jedan ispit
	at hr.java.vjezbe.entitet.Visokoskolska.odrediProsjekOcjenaNaIspitima(Visokoskolska.java:30)
	at hr.java.vjezbe.glavna.GlavnaDatoteke.podaciZaVeleucilisteJave(GlavnaDatoteke.java:377)
	at hr.java.vjezbe.glavna.GlavnaDatoteke.ispisPodatakaIzSveucilista(GlavnaDatoteke.java:316)
	at hr.java.vjezbe.glavna.GlavnaDatoteke.main(GlavnaDatoteke.java:48)
2022-12-01 13:27:42,518 INFO [main] h.j.v.g.Glavna [VeleucilisteJave.java:53] Metoda OdradiNajuspjesnijegStudenta u klasi Veleucilistejave naisao na studenta koji nema ispita
hr.java.vjezbe.iznimke.NemaIspitaZaStudentaException: Student nije pisao niti jedan ispit
	at hr.java.vjezbe.entitet.Visokoskolska.odrediProsjekOcjenaNaIspitima(Visokoskolska.java:30)
	at hr.java.vjezbe.entitet.VeleucilisteJave.odrediNajuspjesnijegStudentaNaGodini(VeleucilisteJave.java:44)
	at hr.java.vjezbe.glavna.GlavnaDatoteke.podaciZaVeleucilisteJave(GlavnaDatoteke.java:401)
	at hr.java.vjezbe.glavna.GlavnaDatoteke.ispisPodatakaIzSveucilista(GlavnaDatoteke.java:316)
	at hr.java.vjezbe.glavna.GlavnaDatoteke.main(GlavnaDatoteke.java:48)
2022-12-01 13:28:13,047 INFO [main] h.j.v.g.Glavna [GlavnaDatoteke.java:396] Student nije pisao niti jedan ispit
hr.java.vjezbe.iznimke.NemaIspitaZaStudentaException: Student nije pisao niti jedan ispit
	at hr.java.vjezbe.entitet.Visokoskolska.odrediProsjekOcjenaNaIspitima(Visokoskolska.java:30)
	at hr.java.vjezbe.glavna.GlavnaDatoteke.podaciZaVeleucilisteJave(GlavnaDatoteke.java:376)
	at hr.java.vjezbe.glavna.GlavnaDatoteke.ispisPodatakaIzSveucilista(GlavnaDatoteke.java:315)
	at hr.java.vjezbe.glavna.GlavnaDatoteke.main(GlavnaDatoteke.java:48)
2022-12-01 13:28:13,052 INFO [main] h.j.v.g.Glavna [VeleucilisteJave.java:53] Metoda OdradiNajuspjesnijegStudenta u klasi Veleucilistejave naisao na studenta koji nema ispita
hr.java.vjezbe.iznimke.NemaIspitaZaStudentaException: Student nije pisao niti jedan ispit
	at hr.java.vjezbe.entitet.Visokoskolska.odrediProsjekOcjenaNaIspitima(Visokoskolska.java:30)
	at hr.java.vjezbe.entitet.VeleucilisteJave.odrediNajuspjesnijegStudentaNaGodini(VeleucilisteJave.java:44)
	at hr.java.vjezbe.glavna.GlavnaDatoteke.podaciZaVeleucilisteJave(GlavnaDatoteke.java:400)
	at hr.java.vjezbe.glavna.GlavnaDatoteke.ispisPodatakaIzSveucilista(GlavnaDatoteke.java:315)
	at hr.java.vjezbe.glavna.GlavnaDatoteke.main(GlavnaDatoteke.java:48)
2022-12-01 13:28:13,053 INFO [main] h.j.v.g.Glavna [GlavnaDatoteke.java:349] Student nije pisao niti jedan ispit
hr.java.vjezbe.iznimke.NemaIspitaZaStudentaException: Student nije pisao niti jedan ispit
	at hr.java.vjezbe.entitet.Visokoskolska.odrediProsjekOcjenaNaIspitima(Visokoskolska.java:30)
	at hr.java.vjezbe.glavna.GlavnaDatoteke.podaciZaFakultetRacunalstva(GlavnaDatoteke.java:330)
	at hr.java.vjezbe.glavna.GlavnaDatoteke.ispisPodatakaIzSveucilista(GlavnaDatoteke.java:318)
	at hr.java.vjezbe.glavna.GlavnaDatoteke.main(GlavnaDatoteke.java:48)
2022-12-01 13:28:13,055 INFO [main] h.j.v.g.Glavna [FakultetRacunarstva.java:101] Student nije pisao niti jedan ispit
hr.java.vjezbe.iznimke.NemaIspitaZaStudentaException: Student nije pisao niti jedan ispit
	at hr.java.vjezbe.entitet.Visokoskolska.odrediProsjekOcjenaNaIspitima(Visokoskolska.java:30)
	at hr.java.vjezbe.entitet.FakultetRacunarstva.odrediStudentaZaRektorovuNagradu(FakultetRacunarstva.java:85)
	at hr.java.vjezbe.glavna.GlavnaDatoteke.podaciZaFakultetRacunalstva(GlavnaDatoteke.java:361)
	at hr.java.vjezbe.glavna.GlavnaDatoteke.ispisPodatakaIzSveucilista(GlavnaDatoteke.java:318)
	at hr.java.vjezbe.glavna.GlavnaDatoteke.main(GlavnaDatoteke.java:48)
2022-12-01 13:30:11,066 INFO [main] h.j.v.g.Glavna [GlavnaDatoteke.java:391] Student nije pisao niti jedan ispit
hr.java.vjezbe.iznimke.NemaIspitaZaStudentaException: Student nije pisao niti jedan ispit
	at hr.java.vjezbe.entitet.Visokoskolska.odrediProsjekOcjenaNaIspitima(Visokoskolska.java:30)
	at hr.java.vjezbe.glavna.GlavnaDatoteke.podaciZaVeleucilisteJave(GlavnaDatoteke.java:371)
	at hr.java.vjezbe.glavna.GlavnaDatoteke.ispisPodatakaIzSveucilista(GlavnaDatoteke.java:313)
	at hr.java.vjezbe.glavna.GlavnaDatoteke.main(GlavnaDatoteke.java:46)
2022-12-01 13:30:11,072 INFO [main] h.j.v.g.Glavna [VeleucilisteJave.java:53] Metoda OdradiNajuspjesnijegStudenta u klasi Veleucilistejave naisao na studenta koji nema ispita
hr.java.vjezbe.iznimke.NemaIspitaZaStudentaException: Student nije pisao niti jedan ispit
	at hr.java.vjezbe.entitet.Visokoskolska.odrediProsjekOcjenaNaIspitima(Visokoskolska.java:30)
	at hr.java.vjezbe.entitet.VeleucilisteJave.odrediNajuspjesnijegStudentaNaGodini(VeleucilisteJave.java:44)
	at hr.java.vjezbe.glavna.GlavnaDatoteke.podaciZaVeleucilisteJave(GlavnaDatoteke.java:395)
	at hr.java.vjezbe.glavna.GlavnaDatoteke.ispisPodatakaIzSveucilista(GlavnaDatoteke.java:313)
	at hr.java.vjezbe.glavna.GlavnaDatoteke.main(GlavnaDatoteke.java:46)
2022-12-01 13:30:11,073 INFO [main] h.j.v.g.Glavna [GlavnaDatoteke.java:344] Student nije pisao niti jedan ispit
hr.java.vjezbe.iznimke.NemaIspitaZaStudentaException: Student nije pisao niti jedan ispit
	at hr.java.vjezbe.entitet.Visokoskolska.odrediProsjekOcjenaNaIspitima(Visokoskolska.java:30)
	at hr.java.vjezbe.glavna.GlavnaDatoteke.podaciZaFakultetRacunalstva(GlavnaDatoteke.java:325)
	at hr.java.vjezbe.glavna.GlavnaDatoteke.ispisPodatakaIzSveucilista(GlavnaDatoteke.java:316)
	at hr.java.vjezbe.glavna.GlavnaDatoteke.main(GlavnaDatoteke.java:46)
2022-12-01 13:30:11,075 INFO [main] h.j.v.g.Glavna [FakultetRacunarstva.java:101] Student nije pisao niti jedan ispit
hr.java.vjezbe.iznimke.NemaIspitaZaStudentaException: Student nije pisao niti jedan ispit
	at hr.java.vjezbe.entitet.Visokoskolska.odrediProsjekOcjenaNaIspitima(Visokoskolska.java:30)
	at hr.java.vjezbe.entitet.FakultetRacunarstva.odrediStudentaZaRektorovuNagradu(FakultetRacunarstva.java:85)
	at hr.java.vjezbe.glavna.GlavnaDatoteke.podaciZaFakultetRacunalstva(GlavnaDatoteke.java:356)
	at hr.java.vjezbe.glavna.GlavnaDatoteke.ispisPodatakaIzSveucilista(GlavnaDatoteke.java:316)
	at hr.java.vjezbe.glavna.GlavnaDatoteke.main(GlavnaDatoteke.java:46)
2022-12-01 13:33:11,356 INFO [main] h.j.v.g.Glavna [GlavnaDatoteke.java:392] Student nije pisao niti jedan ispit
hr.java.vjezbe.iznimke.NemaIspitaZaStudentaException: Student nije pisao niti jedan ispit
	at hr.java.vjezbe.entitet.Visokoskolska.odrediProsjekOcjenaNaIspitima(Visokoskolska.java:30)
	at hr.java.vjezbe.glavna.GlavnaDatoteke.podaciZaVeleucilisteJave(GlavnaDatoteke.java:371)
	at hr.java.vjezbe.glavna.GlavnaDatoteke.ispisPodatakaIzSveucilista(GlavnaDatoteke.java:313)
	at hr.java.vjezbe.glavna.GlavnaDatoteke.main(GlavnaDatoteke.java:46)
2022-12-01 13:33:11,362 INFO [main] h.j.v.g.Glavna [VeleucilisteJave.java:53] Metoda OdradiNajuspjesnijegStudenta u klasi Veleucilistejave naisao na studenta koji nema ispita
hr.java.vjezbe.iznimke.NemaIspitaZaStudentaException: Student nije pisao niti jedan ispit
	at hr.java.vjezbe.entitet.Visokoskolska.odrediProsjekOcjenaNaIspitima(Visokoskolska.java:30)
	at hr.java.vjezbe.entitet.VeleucilisteJave.odrediNajuspjesnijegStudentaNaGodini(VeleucilisteJave.java:44)
	at hr.java.vjezbe.glavna.GlavnaDatoteke.podaciZaVeleucilisteJave(GlavnaDatoteke.java:396)
	at hr.java.vjezbe.glavna.GlavnaDatoteke.ispisPodatakaIzSveucilista(GlavnaDatoteke.java:313)
	at hr.java.vjezbe.glavna.GlavnaDatoteke.main(GlavnaDatoteke.java:46)
2022-12-01 13:33:11,363 INFO [main] h.j.v.g.Glavna [GlavnaDatoteke.java:344] Student nije pisao niti jedan ispit
hr.java.vjezbe.iznimke.NemaIspitaZaStudentaException: Student nije pisao niti jedan ispit
	at hr.java.vjezbe.entitet.Visokoskolska.odrediProsjekOcjenaNaIspitima(Visokoskolska.java:30)
	at hr.java.vjezbe.glavna.GlavnaDatoteke.podaciZaFakultetRacunalstva(GlavnaDatoteke.java:325)
	at hr.java.vjezbe.glavna.GlavnaDatoteke.ispisPodatakaIzSveucilista(GlavnaDatoteke.java:316)
	at hr.java.vjezbe.glavna.GlavnaDatoteke.main(GlavnaDatoteke.java:46)
2022-12-01 13:33:11,365 INFO [main] h.j.v.g.Glavna [FakultetRacunarstva.java:101] Student nije pisao niti jedan ispit
hr.java.vjezbe.iznimke.NemaIspitaZaStudentaException: Student nije pisao niti jedan ispit
	at hr.java.vjezbe.entitet.Visokoskolska.odrediProsjekOcjenaNaIspitima(Visokoskolska.java:30)
	at hr.java.vjezbe.entitet.FakultetRacunarstva.odrediStudentaZaRektorovuNagradu(FakultetRacunarstva.java:85)
	at hr.java.vjezbe.glavna.GlavnaDatoteke.podaciZaFakultetRacunalstva(GlavnaDatoteke.java:356)
	at hr.java.vjezbe.glavna.GlavnaDatoteke.ispisPodatakaIzSveucilista(GlavnaDatoteke.java:316)
	at hr.java.vjezbe.glavna.GlavnaDatoteke.main(GlavnaDatoteke.java:46)
2022-12-01 13:33:26,514 INFO [main] h.j.v.g.Glavna [GlavnaDatoteke.java:344] Student nije pisao niti jedan ispit
hr.java.vjezbe.iznimke.NemaIspitaZaStudentaException: Student nije pisao niti jedan ispit
	at hr.java.vjezbe.entitet.Visokoskolska.odrediProsjekOcjenaNaIspitima(Visokoskolska.java:30)
	at hr.java.vjezbe.glavna.GlavnaDatoteke.podaciZaFakultetRacunalstva(GlavnaDatoteke.java:325)
	at hr.java.vjezbe.glavna.GlavnaDatoteke.ispisPodatakaIzSveucilista(GlavnaDatoteke.java:316)
	at hr.java.vjezbe.glavna.GlavnaDatoteke.main(GlavnaDatoteke.java:46)
2022-12-01 13:33:26,521 INFO [main] h.j.v.g.Glavna [FakultetRacunarstva.java:101] Student nije pisao niti jedan ispit
hr.java.vjezbe.iznimke.NemaIspitaZaStudentaException: Student nije pisao niti jedan ispit
	at hr.java.vjezbe.entitet.Visokoskolska.odrediProsjekOcjenaNaIspitima(Visokoskolska.java:30)
	at hr.java.vjezbe.entitet.FakultetRacunarstva.odrediStudentaZaRektorovuNagradu(FakultetRacunarstva.java:85)
	at hr.java.vjezbe.glavna.GlavnaDatoteke.podaciZaFakultetRacunalstva(GlavnaDatoteke.java:356)
	at hr.java.vjezbe.glavna.GlavnaDatoteke.ispisPodatakaIzSveucilista(GlavnaDatoteke.java:316)
	at hr.java.vjezbe.glavna.GlavnaDatoteke.main(GlavnaDatoteke.java:46)
2022-12-01 13:33:26,522 INFO [main] h.j.v.g.Glavna [GlavnaDatoteke.java:392] Student nije pisao niti jedan ispit
hr.java.vjezbe.iznimke.NemaIspitaZaStudentaException: Student nije pisao niti jedan ispit
	at hr.java.vjezbe.entitet.Visokoskolska.odrediProsjekOcjenaNaIspitima(Visokoskolska.java:30)
	at hr.java.vjezbe.glavna.GlavnaDatoteke.podaciZaVeleucilisteJave(GlavnaDatoteke.java:371)
	at hr.java.vjezbe.glavna.GlavnaDatoteke.ispisPodatakaIzSveucilista(GlavnaDatoteke.java:313)
	at hr.java.vjezbe.glavna.GlavnaDatoteke.main(GlavnaDatoteke.java:46)
2022-12-01 13:34:49,934 INFO [main] h.j.v.g.Glavna [VeleucilisteJave.java:53] Metoda OdradiNajuspjesnijegStudenta u klasi Veleucilistejave naisao na studenta koji nema ispita
hr.java.vjezbe.iznimke.NemaIspitaZaStudentaException: Student nije pisao niti jedan ispit
	at hr.java.vjezbe.entitet.Visokoskolska.odrediProsjekOcjenaNaIspitima(Visokoskolska.java:30)
	at hr.java.vjezbe.entitet.VeleucilisteJave.odrediNajuspjesnijegStudentaNaGodini(VeleucilisteJave.java:44)
	at hr.java.vjezbe.glavna.GlavnaDatoteke.podaciZaVeleucilisteJave(GlavnaDatoteke.java:396)
	at hr.java.vjezbe.glavna.GlavnaDatoteke.ispisPodatakaIzSveucilista(GlavnaDatoteke.java:313)
	at hr.java.vjezbe.glavna.GlavnaDatoteke.main(GlavnaDatoteke.java:46)
2022-12-01 13:34:52,709 INFO [main] h.j.v.g.Glavna [GlavnaDatoteke.java:344] Student nije pisao niti jedan ispit
hr.java.vjezbe.iznimke.NemaIspitaZaStudentaException: Student nije pisao niti jedan ispit
	at hr.java.vjezbe.entitet.Visokoskolska.odrediProsjekOcjenaNaIspitima(Visokoskolska.java:30)
	at hr.java.vjezbe.glavna.GlavnaDatoteke.podaciZaFakultetRacunalstva(GlavnaDatoteke.java:325)
	at hr.java.vjezbe.glavna.GlavnaDatoteke.ispisPodatakaIzSveucilista(GlavnaDatoteke.java:316)
	at hr.java.vjezbe.glavna.GlavnaDatoteke.main(GlavnaDatoteke.java:46)
2022-12-01 13:34:52,716 INFO [main] h.j.v.g.Glavna [FakultetRacunarstva.java:101] Student nije pisao niti jedan ispit
hr.java.vjezbe.iznimke.NemaIspitaZaStudentaException: Student nije pisao niti jedan ispit
	at hr.java.vjezbe.entitet.Visokoskolska.odrediProsjekOcjenaNaIspitima(Visokoskolska.java:30)
	at hr.java.vjezbe.entitet.FakultetRacunarstva.odrediStudentaZaRektorovuNagradu(FakultetRacunarstva.java:85)
	at hr.java.vjezbe.glavna.GlavnaDatoteke.podaciZaFakultetRacunalstva(GlavnaDatoteke.java:356)
	at hr.java.vjezbe.glavna.GlavnaDatoteke.ispisPodatakaIzSveucilista(GlavnaDatoteke.java:316)
	at hr.java.vjezbe.glavna.GlavnaDatoteke.main(GlavnaDatoteke.java:46)
2022-12-01 13:34:52,717 INFO [main] h.j.v.g.Glavna [GlavnaDatoteke.java:392] Student nije pisao niti jedan ispit
hr.java.vjezbe.iznimke.NemaIspitaZaStudentaException: Student nije pisao niti jedan ispit
	at hr.java.vjezbe.entitet.Visokoskolska.odrediProsjekOcjenaNaIspitima(Visokoskolska.java:30)
	at hr.java.vjezbe.glavna.GlavnaDatoteke.podaciZaVeleucilisteJave(GlavnaDatoteke.java:371)
	at hr.java.vjezbe.glavna.GlavnaDatoteke.ispisPodatakaIzSveucilista(GlavnaDatoteke.java:313)
	at hr.java.vjezbe.glavna.GlavnaDatoteke.main(GlavnaDatoteke.java:46)
2022-12-01 13:35:48,454 INFO [main] h.j.v.g.Glavna [VeleucilisteJave.java:53] Metoda OdradiNajuspjesnijegStudenta u klasi Veleucilistejave naisao na studenta koji nema ispita
hr.java.vjezbe.iznimke.NemaIspitaZaStudentaException: Student nije pisao niti jedan ispit
	at hr.java.vjezbe.entitet.Visokoskolska.odrediProsjekOcjenaNaIspitima(Visokoskolska.java:30)
	at hr.java.vjezbe.entitet.VeleucilisteJave.odrediNajuspjesnijegStudentaNaGodini(VeleucilisteJave.java:44)
	at hr.java.vjezbe.glavna.GlavnaDatoteke.podaciZaVeleucilisteJave(GlavnaDatoteke.java:396)
	at hr.java.vjezbe.glavna.GlavnaDatoteke.ispisPodatakaIzSveucilista(GlavnaDatoteke.java:313)
	at hr.java.vjezbe.glavna.GlavnaDatoteke.main(GlavnaDatoteke.java:46)
2022-12-01 13:37:24,226 INFO [main] h.j.v.g.Glavna [GlavnaDatoteke.java:392] Student nije pisao niti jedan ispit
hr.java.vjezbe.iznimke.NemaIspitaZaStudentaException: Student nije pisao niti jedan ispit
	at hr.java.vjezbe.entitet.Visokoskolska.odrediProsjekOcjenaNaIspitima(Visokoskolska.java:30)
	at hr.java.vjezbe.glavna.GlavnaDatoteke.podaciZaVeleucilisteJave(GlavnaDatoteke.java:371)
	at hr.java.vjezbe.glavna.GlavnaDatoteke.ispisPodatakaIzSveucilista(GlavnaDatoteke.java:313)
	at hr.java.vjezbe.glavna.GlavnaDatoteke.main(GlavnaDatoteke.java:46)
2022-12-01 13:37:24,232 INFO [main] h.j.v.g.Glavna [VeleucilisteJave.java:53] Metoda OdradiNajuspjesnijegStudenta u klasi Veleucilistejave naisao na studenta koji nema ispita
hr.java.vjezbe.iznimke.NemaIspitaZaStudentaException: Student nije pisao niti jedan ispit
	at hr.java.vjezbe.entitet.Visokoskolska.odrediProsjekOcjenaNaIspitima(Visokoskolska.java:30)
	at hr.java.vjezbe.entitet.VeleucilisteJave.odrediNajuspjesnijegStudentaNaGodini(VeleucilisteJave.java:44)
	at hr.java.vjezbe.glavna.GlavnaDatoteke.podaciZaVeleucilisteJave(GlavnaDatoteke.java:396)
	at hr.java.vjezbe.glavna.GlavnaDatoteke.ispisPodatakaIzSveucilista(GlavnaDatoteke.java:313)
	at hr.java.vjezbe.glavna.GlavnaDatoteke.main(GlavnaDatoteke.java:46)
2022-12-01 13:37:24,233 INFO [main] h.j.v.g.Glavna [GlavnaDatoteke.java:344] Student nije pisao niti jedan ispit
hr.java.vjezbe.iznimke.NemaIspitaZaStudentaException: Student nije pisao niti jedan ispit
	at hr.java.vjezbe.entitet.Visokoskolska.odrediProsjekOcjenaNaIspitima(Visokoskolska.java:30)
	at hr.java.vjezbe.glavna.GlavnaDatoteke.podaciZaFakultetRacunalstva(GlavnaDatoteke.java:325)
	at hr.java.vjezbe.glavna.GlavnaDatoteke.ispisPodatakaIzSveucilista(GlavnaDatoteke.java:316)
	at hr.java.vjezbe.glavna.GlavnaDatoteke.main(GlavnaDatoteke.java:46)
2022-12-01 13:37:24,235 INFO [main] h.j.v.g.Glavna [FakultetRacunarstva.java:101] Student nije pisao niti jedan ispit
hr.java.vjezbe.iznimke.NemaIspitaZaStudentaException: Student nije pisao niti jedan ispit
	at hr.java.vjezbe.entitet.Visokoskolska.odrediProsjekOcjenaNaIspitima(Visokoskolska.java:30)
	at hr.java.vjezbe.entitet.FakultetRacunarstva.odrediStudentaZaRektorovuNagradu(FakultetRacunarstva.java:85)
	at hr.java.vjezbe.glavna.GlavnaDatoteke.podaciZaFakultetRacunalstva(GlavnaDatoteke.java:356)
	at hr.java.vjezbe.glavna.GlavnaDatoteke.ispisPodatakaIzSveucilista(GlavnaDatoteke.java:316)
	at hr.java.vjezbe.glavna.GlavnaDatoteke.main(GlavnaDatoteke.java:46)
2022-12-01 13:38:36,718 INFO [main] h.j.v.g.Glavna [GlavnaDatoteke.java:344] Student nije pisao niti jedan ispit
hr.java.vjezbe.iznimke.NemaIspitaZaStudentaException: Student nije pisao niti jedan ispit
	at hr.java.vjezbe.entitet.Visokoskolska.odrediProsjekOcjenaNaIspitima(Visokoskolska.java:30)
	at hr.java.vjezbe.glavna.GlavnaDatoteke.podaciZaFakultetRacunalstva(GlavnaDatoteke.java:325)
	at hr.java.vjezbe.glavna.GlavnaDatoteke.ispisPodatakaIzSveucilista(GlavnaDatoteke.java:316)
	at hr.java.vjezbe.glavna.GlavnaDatoteke.main(GlavnaDatoteke.java:46)
2022-12-01 13:38:36,725 INFO [main] h.j.v.g.Glavna [FakultetRacunarstva.java:101] Student nije pisao niti jedan ispit
hr.java.vjezbe.iznimke.NemaIspitaZaStudentaException: Student nije pisao niti jedan ispit
	at hr.java.vjezbe.entitet.Visokoskolska.odrediProsjekOcjenaNaIspitima(Visokoskolska.java:30)
	at hr.java.vjezbe.entitet.FakultetRacunarstva.odrediStudentaZaRektorovuNagradu(FakultetRacunarstva.java:85)
	at hr.java.vjezbe.glavna.GlavnaDatoteke.podaciZaFakultetRacunalstva(GlavnaDatoteke.java:356)
	at hr.java.vjezbe.glavna.GlavnaDatoteke.ispisPodatakaIzSveucilista(GlavnaDatoteke.java:316)
	at hr.java.vjezbe.glavna.GlavnaDatoteke.main(GlavnaDatoteke.java:46)
2022-12-01 13:38:36,726 INFO [main] h.j.v.g.Glavna [GlavnaDatoteke.java:392] Student nije pisao niti jedan ispit
hr.java.vjezbe.iznimke.NemaIspitaZaStudentaException: Student nije pisao niti jedan ispit
	at hr.java.vjezbe.entitet.Visokoskolska.odrediProsjekOcjenaNaIspitima(Visokoskolska.java:30)
	at hr.java.vjezbe.glavna.GlavnaDatoteke.podaciZaVeleucilisteJave(GlavnaDatoteke.java:371)
	at hr.java.vjezbe.glavna.GlavnaDatoteke.ispisPodatakaIzSveucilista(GlavnaDatoteke.java:313)
	at hr.java.vjezbe.glavna.GlavnaDatoteke.main(GlavnaDatoteke.java:46)
2022-12-01 13:39:18,595 INFO [main] h.j.v.g.Glavna [VeleucilisteJave.java:53] Metoda OdradiNajuspjesnijegStudenta u klasi Veleucilistejave naisao na studenta koji nema ispita
hr.java.vjezbe.iznimke.NemaIspitaZaStudentaException: Student nije pisao niti jedan ispit
	at hr.java.vjezbe.entitet.Visokoskolska.odrediProsjekOcjenaNaIspitima(Visokoskolska.java:30)
	at hr.java.vjezbe.entitet.VeleucilisteJave.odrediNajuspjesnijegStudentaNaGodini(VeleucilisteJave.java:44)
	at hr.java.vjezbe.glavna.GlavnaDatoteke.podaciZaVeleucilisteJave(GlavnaDatoteke.java:396)
	at hr.java.vjezbe.glavna.GlavnaDatoteke.ispisPodatakaIzSveucilista(GlavnaDatoteke.java:313)
	at hr.java.vjezbe.glavna.GlavnaDatoteke.main(GlavnaDatoteke.java:46)
2022-12-01 13:39:51,339 INFO [main] h.j.v.g.Glavna [GlavnaDatoteke.java:392] Student nije pisao niti jedan ispit
hr.java.vjezbe.iznimke.NemaIspitaZaStudentaException: Student nije pisao niti jedan ispit
	at hr.java.vjezbe.entitet.Visokoskolska.odrediProsjekOcjenaNaIspitima(Visokoskolska.java:30)
	at hr.java.vjezbe.glavna.GlavnaDatoteke.podaciZaVeleucilisteJave(GlavnaDatoteke.java:371)
	at hr.java.vjezbe.glavna.GlavnaDatoteke.ispisPodatakaIzSveucilista(GlavnaDatoteke.java:313)
	at hr.java.vjezbe.glavna.GlavnaDatoteke.main(GlavnaDatoteke.java:46)
2022-12-01 13:39:51,346 INFO [main] h.j.v.g.Glavna [VeleucilisteJave.java:53] Metoda OdradiNajuspjesnijegStudenta u klasi Veleucilistejave naisao na studenta koji nema ispita
hr.java.vjezbe.iznimke.NemaIspitaZaStudentaException: Student nije pisao niti jedan ispit
	at hr.java.vjezbe.entitet.Visokoskolska.odrediProsjekOcjenaNaIspitima(Visokoskolska.java:30)
	at hr.java.vjezbe.entitet.VeleucilisteJave.odrediNajuspjesnijegStudentaNaGodini(VeleucilisteJave.java:44)
	at hr.java.vjezbe.glavna.GlavnaDatoteke.podaciZaVeleucilisteJave(GlavnaDatoteke.java:396)
	at hr.java.vjezbe.glavna.GlavnaDatoteke.ispisPodatakaIzSveucilista(GlavnaDatoteke.java:313)
	at hr.java.vjezbe.glavna.GlavnaDatoteke.main(GlavnaDatoteke.java:46)
2022-12-01 13:39:51,347 INFO [main] h.j.v.g.Glavna [GlavnaDatoteke.java:344] Student nije pisao niti jedan ispit
hr.java.vjezbe.iznimke.NemaIspitaZaStudentaException: Student nije pisao niti jedan ispit
	at hr.java.vjezbe.entitet.Visokoskolska.odrediProsjekOcjenaNaIspitima(Visokoskolska.java:30)
	at hr.java.vjezbe.glavna.GlavnaDatoteke.podaciZaFakultetRacunalstva(GlavnaDatoteke.java:325)
	at hr.java.vjezbe.glavna.GlavnaDatoteke.ispisPodatakaIzSveucilista(GlavnaDatoteke.java:316)
	at hr.java.vjezbe.glavna.GlavnaDatoteke.main(GlavnaDatoteke.java:46)
2022-12-01 13:39:51,349 INFO [main] h.j.v.g.Glavna [FakultetRacunarstva.java:101] Student nije pisao niti jedan ispit
hr.java.vjezbe.iznimke.NemaIspitaZaStudentaException: Student nije pisao niti jedan ispit
	at hr.java.vjezbe.entitet.Visokoskolska.odrediProsjekOcjenaNaIspitima(Visokoskolska.java:30)
	at hr.java.vjezbe.entitet.FakultetRacunarstva.odrediStudentaZaRektorovuNagradu(FakultetRacunarstva.java:85)
	at hr.java.vjezbe.glavna.GlavnaDatoteke.podaciZaFakultetRacunalstva(GlavnaDatoteke.java:356)
	at hr.java.vjezbe.glavna.GlavnaDatoteke.ispisPodatakaIzSveucilista(GlavnaDatoteke.java:316)
	at hr.java.vjezbe.glavna.GlavnaDatoteke.main(GlavnaDatoteke.java:46)
